#! /usr/local/bin/vvp
:ivl_version "10.2 (stable)" "(v10_2)";
:ivl_delay_selection "TYPICAL";
:vpi_time_precision - 12;
:vpi_module "system";
:vpi_module "vhdl_sys";
:vpi_module "v2005_math";
:vpi_module "va_math";
:vpi_module "v2009";
S_0x55cdf835ade0 .scope module, "xtop_tb" "xtop_tb" 2 5;
 .timescale -9 -12;
P_0x55cdf830f4d0 .param/l "clk_period" 0 2 8, +C4<00000000000000000000000000001010>;
v0x55cdf83b3de0_0 .array/port v0x55cdf83b3de0, 0;
L_0x55cdf83cdd20 .functor BUFZ 32, v0x55cdf83b3de0_0, C4<00000000000000000000000000000000>, C4<00000000000000000000000000000000>, C4<00000000000000000000000000000000>;
v0x55cdf83b3de0_1 .array/port v0x55cdf83b3de0, 1;
L_0x55cdf83cdd90 .functor BUFZ 32, v0x55cdf83b3de0_1, C4<00000000000000000000000000000000>, C4<00000000000000000000000000000000>, C4<00000000000000000000000000000000>;
v0x55cdf83b3de0_2 .array/port v0x55cdf83b3de0, 2;
L_0x55cdf83cde60 .functor BUFZ 32, v0x55cdf83b3de0_2, C4<00000000000000000000000000000000>, C4<00000000000000000000000000000000>, C4<00000000000000000000000000000000>;
v0x55cdf83b3de0_3 .array/port v0x55cdf83b3de0, 3;
L_0x55cdf83cdf30 .functor BUFZ 32, v0x55cdf83b3de0_3, C4<00000000000000000000000000000000>, C4<00000000000000000000000000000000>, C4<00000000000000000000000000000000>;
v0x55cdf83b3de0_4 .array/port v0x55cdf83b3de0, 4;
L_0x55cdf83ce030 .functor BUFZ 32, v0x55cdf83b3de0_4, C4<00000000000000000000000000000000>, C4<00000000000000000000000000000000>, C4<00000000000000000000000000000000>;
v0x55cdf83b3de0_5 .array/port v0x55cdf83b3de0, 5;
L_0x55cdf83ce100 .functor BUFZ 32, v0x55cdf83b3de0_5, C4<00000000000000000000000000000000>, C4<00000000000000000000000000000000>, C4<00000000000000000000000000000000>;
v0x55cdf83b3de0_6 .array/port v0x55cdf83b3de0, 6;
L_0x55cdf83ce210 .functor BUFZ 32, v0x55cdf83b3de0_6, C4<00000000000000000000000000000000>, C4<00000000000000000000000000000000>, C4<00000000000000000000000000000000>;
v0x55cdf83b3de0_7 .array/port v0x55cdf83b3de0, 7;
L_0x55cdf83ce2b0 .functor BUFZ 32, v0x55cdf83b3de0_7, C4<00000000000000000000000000000000>, C4<00000000000000000000000000000000>, C4<00000000000000000000000000000000>;
v0x55cdf83b3de0_8 .array/port v0x55cdf83b3de0, 8;
L_0x55cdf83ce3d0 .functor BUFZ 32, v0x55cdf83b3de0_8, C4<00000000000000000000000000000000>, C4<00000000000000000000000000000000>, C4<00000000000000000000000000000000>;
v0x55cdf83b3de0_9 .array/port v0x55cdf83b3de0, 9;
L_0x55cdf83ce4a0 .functor BUFZ 32, v0x55cdf83b3de0_9, C4<00000000000000000000000000000000>, C4<00000000000000000000000000000000>, C4<00000000000000000000000000000000>;
v0x55cdf83b3de0_10 .array/port v0x55cdf83b3de0, 10;
L_0x55cdf83ce570 .functor BUFZ 32, v0x55cdf83b3de0_10, C4<00000000000000000000000000000000>, C4<00000000000000000000000000000000>, C4<00000000000000000000000000000000>;
v0x55cdf83b3de0_11 .array/port v0x55cdf83b3de0, 11;
L_0x55cdf83ce640 .functor BUFZ 32, v0x55cdf83b3de0_11, C4<00000000000000000000000000000000>, C4<00000000000000000000000000000000>, C4<00000000000000000000000000000000>;
v0x55cdf83b3de0_12 .array/port v0x55cdf83b3de0, 12;
L_0x55cdf83ce780 .functor BUFZ 32, v0x55cdf83b3de0_12, C4<00000000000000000000000000000000>, C4<00000000000000000000000000000000>, C4<00000000000000000000000000000000>;
v0x55cdf83b3de0_13 .array/port v0x55cdf83b3de0, 13;
L_0x55cdf83ce850 .functor BUFZ 32, v0x55cdf83b3de0_13, C4<00000000000000000000000000000000>, C4<00000000000000000000000000000000>, C4<00000000000000000000000000000000>;
v0x55cdf83b3de0_14 .array/port v0x55cdf83b3de0, 14;
L_0x55cdf83ce710 .functor BUFZ 32, v0x55cdf83b3de0_14, C4<00000000000000000000000000000000>, C4<00000000000000000000000000000000>, C4<00000000000000000000000000000000>;
v0x55cdf83b3de0_15 .array/port v0x55cdf83b3de0, 15;
L_0x55cdf83cea00 .functor BUFZ 32, v0x55cdf83b3de0_15, C4<00000000000000000000000000000000>, C4<00000000000000000000000000000000>, C4<00000000000000000000000000000000>;
v0x55cdf83b5280_0 .var "clk", 0 0;
v0x55cdf83b5340 .array "data", 0 15, 31 0;
v0x55cdf83b5400_0 .var/i "k", 31 0;
v0x55cdf83b54c0_0 .net "r0", 31 0, L_0x55cdf83cdd20;  1 drivers
v0x55cdf83b55a0_0 .net "r1", 31 0, L_0x55cdf83cdd90;  1 drivers
v0x55cdf83b56d0_0 .net "r10", 31 0, L_0x55cdf83ce570;  1 drivers
v0x55cdf83b57b0_0 .net "r11", 31 0, L_0x55cdf83ce640;  1 drivers
v0x55cdf83b5890_0 .net "r12", 31 0, L_0x55cdf83ce780;  1 drivers
v0x55cdf83b5970_0 .net "r13", 31 0, L_0x55cdf83ce850;  1 drivers
v0x55cdf83b5a50_0 .net "r14", 31 0, L_0x55cdf83ce710;  1 drivers
v0x55cdf83b5b30_0 .net "r15", 31 0, L_0x55cdf83cea00;  1 drivers
v0x55cdf83b5c10_0 .net "r2", 31 0, L_0x55cdf83cde60;  1 drivers
v0x55cdf83b5cf0_0 .net "r3", 31 0, L_0x55cdf83cdf30;  1 drivers
v0x55cdf83b5dd0_0 .net "r4", 31 0, L_0x55cdf83ce030;  1 drivers
v0x55cdf83b5eb0_0 .net "r5", 31 0, L_0x55cdf83ce100;  1 drivers
v0x55cdf83b5f90_0 .net "r6", 31 0, L_0x55cdf83ce210;  1 drivers
v0x55cdf83b6070_0 .net "r7", 31 0, L_0x55cdf83ce2b0;  1 drivers
v0x55cdf83b6260_0 .net "r8", 31 0, L_0x55cdf83ce3d0;  1 drivers
v0x55cdf83b6340_0 .net "r9", 31 0, L_0x55cdf83ce4a0;  1 drivers
v0x55cdf83b6420_0 .var "rst", 0 0;
v0x55cdf83b64c0_0 .var/i "start_time", 31 0;
v0x55cdf83b65a0_0 .net "trap", 0 0, v0x55cdf83a8b40_0;  1 drivers
S_0x55cdf836dd20 .scope module, "uut" "xtop" 2 32, 3 5 0, S_0x55cdf835ade0;
 .timescale -9 -12;
    .port_info 0 /INPUT 1 "clk"
    .port_info 1 /INPUT 1 "rst"
    .port_info 2 /OUTPUT 4 "led_out"
    .port_info 3 /OUTPUT 12 "display_out"
    .port_info 4 /OUTPUT 1 "trap"
L_0x55cdf83cd680 .functor AND 1, v0x55cdf8373850_0, L_0x55cdf83ccae0, C4<1>, C4<1>;
L_0x55cdf83cd7e0 .functor AND 1, v0x55cdf8372f30_0, L_0x55cdf83ccae0, C4<1>, C4<1>;
L_0x55cdf83cda60 .functor AND 1, v0x55cdf83737b0_0, L_0x55cdf83ccae0, C4<1>, C4<1>;
v0x55cdf83b42a0_0 .net "clk", 0 0, v0x55cdf83b5280_0;  1 drivers
v0x55cdf83b4360_0 .net "cprt_sel", 0 0, v0x55cdf8372f30_0;  1 drivers
v0x55cdf83b4420_0 .net "data_addr", 9 0, v0x55cdf83afb50_0;  1 drivers
v0x55cdf83b4540_0 .net "data_sel", 0 0, L_0x55cdf83cc920;  1 drivers
v0x55cdf83b4630_0 .net "data_to_rd", 31 0, v0x55cdf8372fd0_0;  1 drivers
v0x55cdf83b4770_0 .net "data_to_wr", 31 0, L_0x55cdf83ccb50;  1 drivers
v0x55cdf83b4810_0 .net "data_we", 0 0, L_0x55cdf83ccae0;  1 drivers
v0x55cdf83b48b0_0 .net "display_out", 11 0, L_0x55cdf83cd970;  1 drivers
v0x55cdf83b4970_0 .net "display_sel", 0 0, v0x55cdf83737b0_0;  1 drivers
v0x55cdf83b4a10_0 .net "instruction", 31 0, v0x55cdf83b3110_0;  1 drivers
v0x55cdf83b4ab0_0 .net "led_out", 3 0, v0x55cdf83b21c0_0;  1 drivers
v0x55cdf83b4b50_0 .net "led_sel", 0 0, v0x55cdf8373850_0;  1 drivers
v0x55cdf83b4bf0_0 .net "mem_data_to_rd", 31 0, L_0x55cdf83cd170;  1 drivers
v0x55cdf83b4ce0_0 .net "mem_sel", 0 0, v0x55cdf8373db0_0;  1 drivers
v0x55cdf83b4dd0_0 .net "pc", 8 0, v0x55cdf83b0070_0;  1 drivers
v0x55cdf83b4ec0_0 .net "regf_data_to_rd", 31 0, L_0x55cdf83cd450;  1 drivers
v0x55cdf83b4fd0_0 .net "regf_sel", 0 0, v0x55cdf83a89c0_0;  1 drivers
v0x55cdf83b50c0_0 .net "rst", 0 0, v0x55cdf83b6420_0;  1 drivers
v0x55cdf83b5160_0 .net "trap", 0 0, v0x55cdf83a8b40_0;  alias, 1 drivers
L_0x55cdf83cc030 .part v0x55cdf83afb50_0, 0, 9;
L_0x55cdf83cd590 .part v0x55cdf83afb50_0, 0, 4;
L_0x55cdf83cd740 .part L_0x55cdf83ccb50, 0, 4;
L_0x55cdf83cd8a0 .part L_0x55cdf83ccb50, 0, 8;
L_0x55cdf83cdb50 .part L_0x55cdf83ccb50, 8, 4;
L_0x55cdf83cdc40 .part L_0x55cdf83ccb50, 0, 8;
S_0x55cdf83562e0 .scope module, "addr_decoder" "xaddr_decoder" 3 125, 4 4 0, S_0x55cdf836dd20;
 .timescale -9 -12;
    .port_info 0 /INPUT 10 "addr"
    .port_info 1 /INPUT 1 "sel"
    .port_info 2 /OUTPUT 1 "mem_sel"
    .port_info 3 /INPUT 32 "mem_data_to_rd"
    .port_info 4 /OUTPUT 1 "regf_sel"
    .port_info 5 /INPUT 32 "regf_data_to_rd"
    .port_info 6 /OUTPUT 1 "led_sel"
    .port_info 7 /OUTPUT 1 "cprt_sel"
    .port_info 8 /OUTPUT 1 "display_sel"
    .port_info 9 /OUTPUT 1 "trap_sel"
    .port_info 10 /OUTPUT 32 "data_to_rd"
v0x55cdf83876d0_0 .net "addr", 9 0, v0x55cdf83afb50_0;  alias, 1 drivers
v0x55cdf8372f30_0 .var "cprt_sel", 0 0;
v0x55cdf8372fd0_0 .var "data_to_rd", 31 0;
v0x55cdf83737b0_0 .var "display_sel", 0 0;
v0x55cdf8373850_0 .var "led_sel", 0 0;
v0x55cdf8373d10_0 .net "mem_data_to_rd", 31 0, L_0x55cdf83cd170;  alias, 1 drivers
v0x55cdf8373db0_0 .var "mem_sel", 0 0;
v0x55cdf83a88e0_0 .net "regf_data_to_rd", 31 0, L_0x55cdf83cd450;  alias, 1 drivers
v0x55cdf83a89c0_0 .var "regf_sel", 0 0;
v0x55cdf83a8a80_0 .net "sel", 0 0, L_0x55cdf83cc920;  alias, 1 drivers
v0x55cdf83a8b40_0 .var "trap_sel", 0 0;
E_0x55cdf83032f0 .event edge, v0x55cdf8373db0_0, v0x55cdf8373d10_0, v0x55cdf83a89c0_0, v0x55cdf83a88e0_0;
E_0x55cdf8302a40 .event edge, v0x55cdf83876d0_0, v0x55cdf83a8a80_0;
S_0x55cdf8358a80 .scope module, "controller" "xctrl" 3 71, 5 7 0, S_0x55cdf836dd20;
 .timescale -9 -12;
    .port_info 0 /INPUT 1 "clk"
    .port_info 1 /INPUT 1 "rst"
    .port_info 2 /OUTPUT 9 "pc"
    .port_info 3 /INPUT 32 "instruction"
    .port_info 4 /OUTPUT 1 "mem_sel"
    .port_info 5 /OUTPUT 1 "mem_we"
    .port_info 6 /OUTPUT 10 "mem_addr"
    .port_info 7 /INPUT 32 "mem_data_from"
    .port_info 8 /OUTPUT 32 "mem_data_to"
L_0x55cdf8338330 .functor OR 1, L_0x55cdf83c6710, L_0x55cdf83c6990, C4<0>, C4<0>;
L_0x55cdf83c7090 .functor OR 1, L_0x55cdf83c6ce0, L_0x55cdf83c6f00, C4<0>, C4<0>;
L_0x55cdf83c71a0 .functor OR 1, L_0x55cdf8338330, L_0x55cdf83c7090, C4<0>, C4<0>;
L_0x55cdf83c77d0 .functor OR 1, L_0x55cdf83c7430, L_0x55cdf83c7620, C4<0>, C4<0>;
L_0x55cdf83c7760 .functor OR 1, L_0x55cdf83c7a00, L_0x55cdf83c7dc0, C4<0>, C4<0>;
L_0x55cdf83c8720 .functor OR 1, L_0x55cdf83c8230, L_0x55cdf83c8500, C4<0>, C4<0>;
L_0x55cdf83c8ac0 .functor OR 1, L_0x55cdf83c8720, L_0x55cdf83c88c0, C4<0>, C4<0>;
L_0x55cdf83c91e0 .functor OR 1, L_0x55cdf83c8cc0, L_0x55cdf83c8fc0, C4<0>, C4<0>;
L_0x55cdf83c9660 .functor AND 1, L_0x55cdf83c8ac0, L_0x55cdf83c9430, C4<1>, C4<1>;
L_0x55cdf83c9770 .functor OR 1, L_0x55cdf83c9660, L_0x55cdf83c91e0, C4<0>, C4<0>;
L_0x55cdf83c98e0 .functor OR 1, L_0x55cdf83c7760, L_0x55cdf83c91e0, C4<0>, C4<0>;
L_0x55cdf83c9950 .functor OR 1, L_0x55cdf83c98e0, L_0x55cdf83c8ac0, C4<0>, C4<0>;
L_0x55cdf83c9a80 .functor OR 1, L_0x55cdf8338330, L_0x55cdf83c7760, C4<0>, C4<0>;
L_0x55cdf83ca190 .functor OR 1, L_0x55cdf83c9be0, L_0x55cdf83c9f10, C4<0>, C4<0>;
L_0x55cdf83c9a10 .functor OR 1, L_0x55cdf83ca190, L_0x55cdf83ca620, C4<0>, C4<0>;
L_0x55cdf83ca760 .functor OR 1, L_0x55cdf83c9a10, L_0x55cdf83caa10, C4<0>, C4<0>;
L_0x55cdf83cbe60 .functor OR 1, L_0x55cdf83c77d0, L_0x55cdf83c7090, C4<0>, C4<0>;
L_0x55cdf83cbf20 .functor OR 1, L_0x55cdf83cbe60, L_0x55cdf83c9770, C4<0>, C4<0>;
L_0x55cdf83cc490 .functor AND 1, L_0x55cdf83cbf20, L_0x55cdf83cc350, C4<1>, C4<1>;
L_0x55cdf83cc920 .functor AND 1, L_0x55cdf83cc490, L_0x55cdf83cc7e0, C4<1>, C4<1>;
L_0x55cdf83ccae0 .functor BUFZ 1, L_0x55cdf83c77d0, C4<0>, C4<0>, C4<0>;
L_0x55cdf83ccb50 .functor BUFZ 32, v0x55cdf83b0150_0, C4<00000000000000000000000000000000>, C4<00000000000000000000000000000000>, C4<00000000000000000000000000000000>;
L_0x55cdf83ccd10 .functor AND 32, v0x55cdf83b0150_0, v0x55cdf83aff90_0, C4<11111111111111111111111111111111>, C4<11111111111111111111111111111111>;
L_0x55cdf83ccd80 .functor XOR 32, v0x55cdf83b0150_0, v0x55cdf83aff90_0, C4<00000000000000000000000000000000>, C4<00000000000000000000000000000000>;
v0x55cdf83a9140_0 .net *"_s0", 31 0, L_0x55cdf83b6640;  1 drivers
v0x55cdf83a9220_0 .net *"_s102", 31 0, L_0x55cdf83c8bd0;  1 drivers
L_0x7fd21c341648 .functor BUFT 1, C4<0000000000000000000000000000>, C4<0>, C4<0>, C4<0>;
v0x55cdf83a9300_0 .net *"_s105", 27 0, L_0x7fd21c341648;  1 drivers
L_0x7fd21c341690 .functor BUFT 1, C4<00000000000000000000000000000100>, C4<0>, C4<0>, C4<0>;
v0x55cdf83a93c0_0 .net/2u *"_s106", 31 0, L_0x7fd21c341690;  1 drivers
v0x55cdf83a94a0_0 .net *"_s108", 0 0, L_0x55cdf83c8cc0;  1 drivers
L_0x7fd21c3410a8 .functor BUFT 1, C4<0000000000000000000000000000>, C4<0>, C4<0>, C4<0>;
v0x55cdf83a95b0_0 .net *"_s11", 27 0, L_0x7fd21c3410a8;  1 drivers
v0x55cdf83a9690_0 .net *"_s110", 31 0, L_0x55cdf83c8ed0;  1 drivers
L_0x7fd21c3416d8 .functor BUFT 1, C4<0000000000000000000000000000>, C4<0>, C4<0>, C4<0>;
v0x55cdf83a9770_0 .net *"_s113", 27 0, L_0x7fd21c3416d8;  1 drivers
L_0x7fd21c341720 .functor BUFT 1, C4<00000000000000000000000000000101>, C4<0>, C4<0>, C4<0>;
v0x55cdf83a9850_0 .net/2u *"_s114", 31 0, L_0x7fd21c341720;  1 drivers
v0x55cdf83a9930_0 .net *"_s116", 0 0, L_0x55cdf83c8fc0;  1 drivers
L_0x7fd21c3410f0 .functor BUFT 1, C4<00000000000000000000000000000111>, C4<0>, C4<0>, C4<0>;
v0x55cdf83a99f0_0 .net/2u *"_s12", 31 0, L_0x7fd21c3410f0;  1 drivers
v0x55cdf83a9ad0_0 .net *"_s120", 31 0, L_0x55cdf83c9340;  1 drivers
L_0x7fd21c341768 .functor BUFT 1, C4<0000000000000000000000000000>, C4<0>, C4<0>, C4<0>;
v0x55cdf83a9bb0_0 .net *"_s123", 27 0, L_0x7fd21c341768;  1 drivers
L_0x7fd21c3417b0 .functor BUFT 1, C4<00000000000000000000000000000000>, C4<0>, C4<0>, C4<0>;
v0x55cdf83a9c90_0 .net/2u *"_s124", 31 0, L_0x7fd21c3417b0;  1 drivers
v0x55cdf83a9d70_0 .net *"_s126", 0 0, L_0x55cdf83c9430;  1 drivers
v0x55cdf83a9e30_0 .net *"_s128", 0 0, L_0x55cdf83c9660;  1 drivers
v0x55cdf83a9ef0_0 .net *"_s132", 0 0, L_0x55cdf83c98e0;  1 drivers
v0x55cdf83a9fd0_0 .net *"_s138", 31 0, L_0x55cdf83c9af0;  1 drivers
v0x55cdf83aa0b0_0 .net *"_s14", 0 0, L_0x55cdf83c6990;  1 drivers
L_0x7fd21c3417f8 .functor BUFT 1, C4<0000000000000000000000000000>, C4<0>, C4<0>, C4<0>;
v0x55cdf83aa170_0 .net *"_s141", 27 0, L_0x7fd21c3417f8;  1 drivers
L_0x7fd21c341840 .functor BUFT 1, C4<00000000000000000000000000001100>, C4<0>, C4<0>, C4<0>;
v0x55cdf83aa250_0 .net/2u *"_s142", 31 0, L_0x7fd21c341840;  1 drivers
v0x55cdf83aa330_0 .net *"_s144", 0 0, L_0x55cdf83c9be0;  1 drivers
v0x55cdf83aa3f0_0 .net *"_s146", 31 0, L_0x55cdf83c9e20;  1 drivers
L_0x7fd21c341888 .functor BUFT 1, C4<0000000000000000000000000000>, C4<0>, C4<0>, C4<0>;
v0x55cdf83aa4d0_0 .net *"_s149", 27 0, L_0x7fd21c341888;  1 drivers
L_0x7fd21c3418d0 .functor BUFT 1, C4<00000000000000000000000000001110>, C4<0>, C4<0>, C4<0>;
v0x55cdf83aa5b0_0 .net/2u *"_s150", 31 0, L_0x7fd21c3418d0;  1 drivers
v0x55cdf83aa690_0 .net *"_s152", 0 0, L_0x55cdf83c9f10;  1 drivers
v0x55cdf83aa750_0 .net *"_s154", 0 0, L_0x55cdf83ca190;  1 drivers
v0x55cdf83aa810_0 .net *"_s156", 31 0, L_0x55cdf83ca320;  1 drivers
L_0x7fd21c341918 .functor BUFT 1, C4<0000000000000000000000000000>, C4<0>, C4<0>, C4<0>;
v0x55cdf83aa8f0_0 .net *"_s159", 27 0, L_0x7fd21c341918;  1 drivers
L_0x7fd21c341960 .functor BUFT 1, C4<00000000000000000000000000001101>, C4<0>, C4<0>, C4<0>;
v0x55cdf83aa9d0_0 .net/2u *"_s160", 31 0, L_0x7fd21c341960;  1 drivers
v0x55cdf83aaab0_0 .net *"_s162", 0 0, L_0x55cdf83ca620;  1 drivers
v0x55cdf83aab70_0 .net *"_s164", 0 0, L_0x55cdf83c9a10;  1 drivers
v0x55cdf83aac30_0 .net *"_s166", 31 0, L_0x55cdf83ca920;  1 drivers
L_0x7fd21c3419a8 .functor BUFT 1, C4<0000000000000000000000000000>, C4<0>, C4<0>, C4<0>;
v0x55cdf83aaf20_0 .net *"_s169", 27 0, L_0x7fd21c3419a8;  1 drivers
L_0x7fd21c3419f0 .functor BUFT 1, C4<00000000000000000000000000001111>, C4<0>, C4<0>, C4<0>;
v0x55cdf83ab000_0 .net/2u *"_s170", 31 0, L_0x7fd21c3419f0;  1 drivers
v0x55cdf83ab0e0_0 .net *"_s172", 0 0, L_0x55cdf83caa10;  1 drivers
v0x55cdf83ab1a0_0 .net *"_s178", 31 0, L_0x55cdf83cadb0;  1 drivers
v0x55cdf83ab280_0 .net *"_s18", 31 0, L_0x55cdf83c6ba0;  1 drivers
L_0x7fd21c341a38 .functor BUFT 1, C4<0000000000000000000000000000>, C4<0>, C4<0>, C4<0>;
v0x55cdf83ab360_0 .net *"_s181", 27 0, L_0x7fd21c341a38;  1 drivers
L_0x7fd21c341a80 .functor BUFT 1, C4<00000000000000000000000000000111>, C4<0>, C4<0>, C4<0>;
v0x55cdf83ab440_0 .net/2u *"_s182", 31 0, L_0x7fd21c341a80;  1 drivers
v0x55cdf83ab520_0 .net *"_s184", 0 0, L_0x55cdf83cafe0;  1 drivers
v0x55cdf83ab5e0_0 .net *"_s187", 15 0, L_0x55cdf83cb120;  1 drivers
v0x55cdf83ab6c0_0 .net *"_s189", 15 0, L_0x55cdf83cb310;  1 drivers
v0x55cdf83ab7a0_0 .net *"_s190", 31 0, L_0x55cdf83cb3e0;  1 drivers
v0x55cdf83ab880_0 .net *"_s193", 0 0, L_0x55cdf83cb660;  1 drivers
v0x55cdf83ab960_0 .net *"_s194", 3 0, L_0x55cdf83cb700;  1 drivers
v0x55cdf83aba40_0 .net *"_s197", 27 0, L_0x55cdf83cb990;  1 drivers
v0x55cdf83abb20_0 .net *"_s198", 31 0, L_0x55cdf83cba30;  1 drivers
v0x55cdf83abc00_0 .net *"_s202", 0 0, L_0x55cdf83cbe60;  1 drivers
v0x55cdf83abce0_0 .net *"_s204", 0 0, L_0x55cdf83cbf20;  1 drivers
v0x55cdf83abdc0_0 .net *"_s206", 31 0, L_0x55cdf83cc0d0;  1 drivers
L_0x7fd21c341ac8 .functor BUFT 1, C4<0000000000000000000000>, C4<0>, C4<0>, C4<0>;
v0x55cdf83abea0_0 .net *"_s209", 21 0, L_0x7fd21c341ac8;  1 drivers
L_0x7fd21c341138 .functor BUFT 1, C4<0000000000000000000000000000>, C4<0>, C4<0>, C4<0>;
v0x55cdf83abf80_0 .net *"_s21", 27 0, L_0x7fd21c341138;  1 drivers
L_0x7fd21c341b10 .functor BUFT 1, C4<00000000000000000000001000010000>, C4<0>, C4<0>, C4<0>;
v0x55cdf83ac060_0 .net/2u *"_s210", 31 0, L_0x7fd21c341b10;  1 drivers
v0x55cdf83ac140_0 .net *"_s212", 0 0, L_0x55cdf83cc350;  1 drivers
v0x55cdf83ac200_0 .net *"_s214", 0 0, L_0x55cdf83cc490;  1 drivers
v0x55cdf83ac2c0_0 .net *"_s216", 31 0, L_0x55cdf83cc5a0;  1 drivers
L_0x7fd21c341b58 .functor BUFT 1, C4<0000000000000000000000>, C4<0>, C4<0>, C4<0>;
v0x55cdf83ac3a0_0 .net *"_s219", 21 0, L_0x7fd21c341b58;  1 drivers
L_0x7fd21c341180 .functor BUFT 1, C4<00000000000000000000000000001000>, C4<0>, C4<0>, C4<0>;
v0x55cdf83ac480_0 .net/2u *"_s22", 31 0, L_0x7fd21c341180;  1 drivers
L_0x7fd21c341ba0 .functor BUFT 1, C4<00000000000000000000001000010001>, C4<0>, C4<0>, C4<0>;
v0x55cdf83ac560_0 .net/2u *"_s220", 31 0, L_0x7fd21c341ba0;  1 drivers
v0x55cdf83ac640_0 .net *"_s222", 0 0, L_0x55cdf83cc7e0;  1 drivers
v0x55cdf83ac700_0 .net *"_s24", 0 0, L_0x55cdf83c6ce0;  1 drivers
v0x55cdf83ac7c0_0 .net *"_s26", 31 0, L_0x55cdf83c6e60;  1 drivers
L_0x7fd21c3411c8 .functor BUFT 1, C4<0000000000000000000000000000>, C4<0>, C4<0>, C4<0>;
v0x55cdf83ac8a0_0 .net *"_s29", 27 0, L_0x7fd21c3411c8;  1 drivers
L_0x7fd21c341018 .functor BUFT 1, C4<0000000000000000000000000000>, C4<0>, C4<0>, C4<0>;
v0x55cdf83ac980_0 .net *"_s3", 27 0, L_0x7fd21c341018;  1 drivers
L_0x7fd21c341210 .functor BUFT 1, C4<00000000000000000000000000001010>, C4<0>, C4<0>, C4<0>;
v0x55cdf83ace50_0 .net/2u *"_s30", 31 0, L_0x7fd21c341210;  1 drivers
v0x55cdf83acf30_0 .net *"_s32", 0 0, L_0x55cdf83c6f00;  1 drivers
v0x55cdf83acff0_0 .net *"_s38", 31 0, L_0x55cdf83c72b0;  1 drivers
L_0x7fd21c341060 .functor BUFT 1, C4<00000000000000000000000000000110>, C4<0>, C4<0>, C4<0>;
v0x55cdf83ad0d0_0 .net/2u *"_s4", 31 0, L_0x7fd21c341060;  1 drivers
L_0x7fd21c341258 .functor BUFT 1, C4<0000000000000000000000000000>, C4<0>, C4<0>, C4<0>;
v0x55cdf83ad1b0_0 .net *"_s41", 27 0, L_0x7fd21c341258;  1 drivers
L_0x7fd21c3412a0 .functor BUFT 1, C4<00000000000000000000000000001001>, C4<0>, C4<0>, C4<0>;
v0x55cdf83ad290_0 .net/2u *"_s42", 31 0, L_0x7fd21c3412a0;  1 drivers
v0x55cdf83ad370_0 .net *"_s44", 0 0, L_0x55cdf83c7430;  1 drivers
v0x55cdf83ad430_0 .net *"_s46", 31 0, L_0x55cdf83c7580;  1 drivers
L_0x7fd21c3412e8 .functor BUFT 1, C4<0000000000000000000000000000>, C4<0>, C4<0>, C4<0>;
v0x55cdf83ad510_0 .net *"_s49", 27 0, L_0x7fd21c3412e8;  1 drivers
L_0x7fd21c341330 .functor BUFT 1, C4<00000000000000000000000000001011>, C4<0>, C4<0>, C4<0>;
v0x55cdf83ad5f0_0 .net/2u *"_s50", 31 0, L_0x7fd21c341330;  1 drivers
v0x55cdf83ad6d0_0 .net *"_s52", 0 0, L_0x55cdf83c7620;  1 drivers
v0x55cdf83ad790_0 .net *"_s56", 31 0, L_0x55cdf83c7910;  1 drivers
L_0x7fd21c341378 .functor BUFT 1, C4<0000000000000000000000000000>, C4<0>, C4<0>, C4<0>;
v0x55cdf83ad870_0 .net *"_s59", 27 0, L_0x7fd21c341378;  1 drivers
v0x55cdf83ad950_0 .net *"_s6", 0 0, L_0x55cdf83c6710;  1 drivers
L_0x7fd21c3413c0 .functor BUFT 1, C4<00000000000000000000000000000000>, C4<0>, C4<0>, C4<0>;
v0x55cdf83ada10_0 .net/2u *"_s60", 31 0, L_0x7fd21c3413c0;  1 drivers
v0x55cdf83adaf0_0 .net *"_s62", 0 0, L_0x55cdf83c7a00;  1 drivers
v0x55cdf83adbb0_0 .net *"_s64", 31 0, L_0x55cdf83c7bc0;  1 drivers
L_0x7fd21c341408 .functor BUFT 1, C4<0000000000000000000000000000>, C4<0>, C4<0>, C4<0>;
v0x55cdf83adc90_0 .net *"_s67", 27 0, L_0x7fd21c341408;  1 drivers
L_0x7fd21c341450 .functor BUFT 1, C4<00000000000000000000000000000011>, C4<0>, C4<0>, C4<0>;
v0x55cdf83add70_0 .net/2u *"_s68", 31 0, L_0x7fd21c341450;  1 drivers
v0x55cdf83ade50_0 .net *"_s70", 0 0, L_0x55cdf83c7dc0;  1 drivers
v0x55cdf83adf10_0 .net *"_s74", 31 0, L_0x55cdf83c8030;  1 drivers
L_0x7fd21c341498 .functor BUFT 1, C4<0000000000000000000000000000>, C4<0>, C4<0>, C4<0>;
v0x55cdf83adff0_0 .net *"_s77", 27 0, L_0x7fd21c341498;  1 drivers
L_0x7fd21c3414e0 .functor BUFT 1, C4<00000000000000000000000000000000>, C4<0>, C4<0>, C4<0>;
v0x55cdf83ae0d0_0 .net/2u *"_s78", 31 0, L_0x7fd21c3414e0;  1 drivers
v0x55cdf83ae1b0_0 .net *"_s8", 31 0, L_0x55cdf83c6850;  1 drivers
v0x55cdf83ae290_0 .net *"_s80", 0 0, L_0x55cdf83c8230;  1 drivers
v0x55cdf83ae350_0 .net *"_s82", 31 0, L_0x55cdf83c8410;  1 drivers
L_0x7fd21c341528 .functor BUFT 1, C4<0000000000000000000000000000>, C4<0>, C4<0>, C4<0>;
v0x55cdf83ae430_0 .net *"_s85", 27 0, L_0x7fd21c341528;  1 drivers
L_0x7fd21c341570 .functor BUFT 1, C4<00000000000000000000000000000001>, C4<0>, C4<0>, C4<0>;
v0x55cdf83ae510_0 .net/2u *"_s86", 31 0, L_0x7fd21c341570;  1 drivers
v0x55cdf83ae5f0_0 .net *"_s88", 0 0, L_0x55cdf83c8500;  1 drivers
v0x55cdf83ae6b0_0 .net *"_s90", 0 0, L_0x55cdf83c8720;  1 drivers
v0x55cdf83ae770_0 .net *"_s92", 31 0, L_0x55cdf83c8370;  1 drivers
L_0x7fd21c3415b8 .functor BUFT 1, C4<0000000000000000000000000000>, C4<0>, C4<0>, C4<0>;
v0x55cdf83ae850_0 .net *"_s95", 27 0, L_0x7fd21c3415b8;  1 drivers
L_0x7fd21c341600 .functor BUFT 1, C4<00000000000000000000000000000010>, C4<0>, C4<0>, C4<0>;
v0x55cdf83ae930_0 .net/2u *"_s96", 31 0, L_0x7fd21c341600;  1 drivers
v0x55cdf83aea10_0 .net *"_s98", 0 0, L_0x55cdf83c88c0;  1 drivers
v0x55cdf83aead0_0 .var "adder_res", 31 0;
v0x55cdf83aebb0_0 .net "alu_arith_ops", 0 0, L_0x55cdf83c8ac0;  1 drivers
v0x55cdf83aec70_0 .var "alu_carry", 0 0;
v0x55cdf83aed30_0 .net "alu_imm_ops", 0 0, L_0x55cdf83c7760;  1 drivers
v0x55cdf83aedf0_0 .net "alu_logic_ops", 0 0, L_0x55cdf83c91e0;  1 drivers
v0x55cdf83aeeb0_0 .net "alu_mem_ops", 0 0, L_0x55cdf83c9770;  1 drivers
v0x55cdf83aef70_0 .var "alu_negative", 0 0;
v0x55cdf83af030_0 .net "alu_ops", 0 0, L_0x55cdf83c9950;  1 drivers
v0x55cdf83af0f0_0 .var "alu_overflow", 0 0;
v0x55cdf83af1b0_0 .var "alu_result", 31 0;
v0x55cdf83af290_0 .net "and_res", 31 0, L_0x55cdf83ccd10;  1 drivers
v0x55cdf83af370_0 .net "branch_ops", 0 0, L_0x55cdf83ca760;  1 drivers
v0x55cdf83af430_0 .var "carry_res_n", 0 0;
v0x55cdf83af4f0_0 .var "carry_res_n_1", 31 0;
v0x55cdf83af5d0_0 .net "clk", 0 0, v0x55cdf83b5280_0;  alias, 1 drivers
v0x55cdf83af690_0 .net/s "imm", 31 0, L_0x55cdf83cbcd0;  1 drivers
v0x55cdf83af770_0 .net "imm_ops", 0 0, L_0x55cdf83c9a80;  1 drivers
v0x55cdf83af830_0 .net "instruction", 31 0, v0x55cdf83b3110_0;  alias, 1 drivers
v0x55cdf83af910_0 .net "load_imm_ops", 0 0, L_0x55cdf8338330;  1 drivers
v0x55cdf83af9d0_0 .net "load_mem_ops", 0 0, L_0x55cdf83c7090;  1 drivers
v0x55cdf83afa90_0 .net "load_ops", 0 0, L_0x55cdf83c71a0;  1 drivers
v0x55cdf83afb50_0 .var "mem_addr", 9 0;
v0x55cdf83afc10_0 .net "mem_data_from", 31 0, v0x55cdf8372fd0_0;  alias, 1 drivers
v0x55cdf83afcb0_0 .net "mem_data_to", 31 0, L_0x55cdf83ccb50;  alias, 1 drivers
v0x55cdf83afd70_0 .net "mem_sel", 0 0, L_0x55cdf83cc920;  alias, 1 drivers
v0x55cdf83afe10_0 .net "mem_we", 0 0, L_0x55cdf83ccae0;  alias, 1 drivers
v0x55cdf83afeb0_0 .net "opcode", 3 0, L_0x55cdf83cad10;  1 drivers
v0x55cdf83aff90_0 .var "operand", 31 0;
v0x55cdf83b0070_0 .var "pc", 8 0;
v0x55cdf83b0150_0 .var "regA", 31 0;
v0x55cdf83b0a40_0 .var "regB", 31 0;
v0x55cdf83b0b20_0 .var "regC", 2 0;
v0x55cdf83b0c00_0 .net "rst", 0 0, v0x55cdf83b6420_0;  alias, 1 drivers
v0x55cdf83b0cc0_0 .net "store_mem_ops", 0 0, L_0x55cdf83c77d0;  1 drivers
v0x55cdf83b0d80_0 .net "xor_res", 31 0, L_0x55cdf83ccd80;  1 drivers
E_0x55cdf83040b0/0 .event edge, v0x55cdf83aebb0_0, v0x55cdf83aead0_0, v0x55cdf83af430_0, v0x55cdf83af4f0_0;
E_0x55cdf83040b0/1 .event edge, v0x55cdf83afeb0_0, v0x55cdf83aff90_0, v0x55cdf83b0150_0, v0x55cdf83af290_0;
E_0x55cdf83040b0/2 .event edge, v0x55cdf83b0d80_0;
E_0x55cdf83040b0 .event/or E_0x55cdf83040b0/0, E_0x55cdf83040b0/1, E_0x55cdf83040b0/2;
E_0x55cdf8391a20 .event edge, v0x55cdf83afeb0_0, v0x55cdf83af4f0_0, v0x55cdf83b0150_0, v0x55cdf83aff90_0;
E_0x55cdf83919a0 .event edge, v0x55cdf83afeb0_0, v0x55cdf83b0150_0, v0x55cdf83aff90_0, v0x55cdf83af4f0_0;
E_0x55cdf8392890 .event edge, v0x55cdf83afeb0_0, v0x55cdf83b0150_0, v0x55cdf83aff90_0;
E_0x55cdf83a8fb0 .event posedge, v0x55cdf83b0c00_0, v0x55cdf83af5d0_0;
E_0x55cdf83a9010/0 .event edge, v0x55cdf83afa90_0, v0x55cdf83af030_0, v0x55cdf83876d0_0, v0x55cdf83b0a40_0;
E_0x55cdf83a9010/1 .event edge, v0x55cdf83b0b20_0, v0x55cdf83af770_0, v0x55cdf83af690_0, v0x55cdf83a8a80_0;
E_0x55cdf83a9010/2 .event edge, v0x55cdf8372fd0_0;
E_0x55cdf83a9010 .event/or E_0x55cdf83a9010/0, E_0x55cdf83a9010/1, E_0x55cdf83a9010/2;
E_0x55cdf83a90e0 .event edge, v0x55cdf83afeb0_0, v0x55cdf83b0a40_0, v0x55cdf83af690_0;
L_0x55cdf83b6640 .concat [ 4 28 0 0], L_0x55cdf83cad10, L_0x7fd21c341018;
L_0x55cdf83c6710 .cmp/eq 32, L_0x55cdf83b6640, L_0x7fd21c341060;
L_0x55cdf83c6850 .concat [ 4 28 0 0], L_0x55cdf83cad10, L_0x7fd21c3410a8;
L_0x55cdf83c6990 .cmp/eq 32, L_0x55cdf83c6850, L_0x7fd21c3410f0;
L_0x55cdf83c6ba0 .concat [ 4 28 0 0], L_0x55cdf83cad10, L_0x7fd21c341138;
L_0x55cdf83c6ce0 .cmp/eq 32, L_0x55cdf83c6ba0, L_0x7fd21c341180;
L_0x55cdf83c6e60 .concat [ 4 28 0 0], L_0x55cdf83cad10, L_0x7fd21c3411c8;
L_0x55cdf83c6f00 .cmp/eq 32, L_0x55cdf83c6e60, L_0x7fd21c341210;
L_0x55cdf83c72b0 .concat [ 4 28 0 0], L_0x55cdf83cad10, L_0x7fd21c341258;
L_0x55cdf83c7430 .cmp/eq 32, L_0x55cdf83c72b0, L_0x7fd21c3412a0;
L_0x55cdf83c7580 .concat [ 4 28 0 0], L_0x55cdf83cad10, L_0x7fd21c3412e8;
L_0x55cdf83c7620 .cmp/eq 32, L_0x55cdf83c7580, L_0x7fd21c341330;
L_0x55cdf83c7910 .concat [ 4 28 0 0], L_0x55cdf83cad10, L_0x7fd21c341378;
L_0x55cdf83c7a00 .cmp/eq 32, L_0x55cdf83c7910, L_0x7fd21c3413c0;
L_0x55cdf83c7bc0 .concat [ 4 28 0 0], L_0x55cdf83cad10, L_0x7fd21c341408;
L_0x55cdf83c7dc0 .cmp/eq 32, L_0x55cdf83c7bc0, L_0x7fd21c341450;
L_0x55cdf83c8030 .concat [ 4 28 0 0], L_0x55cdf83cad10, L_0x7fd21c341498;
L_0x55cdf83c8230 .cmp/eq 32, L_0x55cdf83c8030, L_0x7fd21c3414e0;
L_0x55cdf83c8410 .concat [ 4 28 0 0], L_0x55cdf83cad10, L_0x7fd21c341528;
L_0x55cdf83c8500 .cmp/eq 32, L_0x55cdf83c8410, L_0x7fd21c341570;
L_0x55cdf83c8370 .concat [ 4 28 0 0], L_0x55cdf83cad10, L_0x7fd21c3415b8;
L_0x55cdf83c88c0 .cmp/eq 32, L_0x55cdf83c8370, L_0x7fd21c341600;
L_0x55cdf83c8bd0 .concat [ 4 28 0 0], L_0x55cdf83cad10, L_0x7fd21c341648;
L_0x55cdf83c8cc0 .cmp/eq 32, L_0x55cdf83c8bd0, L_0x7fd21c341690;
L_0x55cdf83c8ed0 .concat [ 4 28 0 0], L_0x55cdf83cad10, L_0x7fd21c3416d8;
L_0x55cdf83c8fc0 .cmp/eq 32, L_0x55cdf83c8ed0, L_0x7fd21c341720;
L_0x55cdf83c9340 .concat [ 4 28 0 0], L_0x55cdf83cad10, L_0x7fd21c341768;
L_0x55cdf83c9430 .cmp/ne 32, L_0x55cdf83c9340, L_0x7fd21c3417b0;
L_0x55cdf83c9af0 .concat [ 4 28 0 0], L_0x55cdf83cad10, L_0x7fd21c3417f8;
L_0x55cdf83c9be0 .cmp/eq 32, L_0x55cdf83c9af0, L_0x7fd21c341840;
L_0x55cdf83c9e20 .concat [ 4 28 0 0], L_0x55cdf83cad10, L_0x7fd21c341888;
L_0x55cdf83c9f10 .cmp/eq 32, L_0x55cdf83c9e20, L_0x7fd21c3418d0;
L_0x55cdf83ca320 .concat [ 4 28 0 0], L_0x55cdf83cad10, L_0x7fd21c341918;
L_0x55cdf83ca620 .cmp/eq 32, L_0x55cdf83ca320, L_0x7fd21c341960;
L_0x55cdf83ca920 .concat [ 4 28 0 0], L_0x55cdf83cad10, L_0x7fd21c3419a8;
L_0x55cdf83caa10 .cmp/eq 32, L_0x55cdf83ca920, L_0x7fd21c3419f0;
L_0x55cdf83cad10 .part v0x55cdf83b3110_0, 28, 4;
L_0x55cdf83cadb0 .concat [ 4 28 0 0], L_0x55cdf83cad10, L_0x7fd21c341a38;
L_0x55cdf83cafe0 .cmp/eq 32, L_0x55cdf83cadb0, L_0x7fd21c341a80;
L_0x55cdf83cb120 .part v0x55cdf83b3110_0, 0, 16;
L_0x55cdf83cb310 .part v0x55cdf83b0150_0, 0, 16;
L_0x55cdf83cb3e0 .concat [ 16 16 0 0], L_0x55cdf83cb310, L_0x55cdf83cb120;
L_0x55cdf83cb660 .part v0x55cdf83b3110_0, 27, 1;
L_0x55cdf83cb700 .concat [ 1 1 1 1], L_0x55cdf83cb660, L_0x55cdf83cb660, L_0x55cdf83cb660, L_0x55cdf83cb660;
L_0x55cdf83cb990 .part v0x55cdf83b3110_0, 0, 28;
L_0x55cdf83cba30 .concat [ 28 4 0 0], L_0x55cdf83cb990, L_0x55cdf83cb700;
L_0x55cdf83cbcd0 .functor MUXZ 32, L_0x55cdf83cba30, L_0x55cdf83cb3e0, L_0x55cdf83cafe0, C4<>;
L_0x55cdf83cc0d0 .concat [ 10 22 0 0], v0x55cdf83afb50_0, L_0x7fd21c341ac8;
L_0x55cdf83cc350 .cmp/ne 32, L_0x55cdf83cc0d0, L_0x7fd21c341b10;
L_0x55cdf83cc5a0 .concat [ 10 22 0 0], v0x55cdf83afb50_0, L_0x7fd21c341b58;
L_0x55cdf83cc7e0 .cmp/ne 32, L_0x55cdf83cc5a0, L_0x7fd21c341ba0;
S_0x55cdf83b0f80 .scope module, "cprint" "xcprint" 3 165, 6 4 0, S_0x55cdf836dd20;
 .timescale -9 -12;
    .port_info 0 /INPUT 1 "clk"
    .port_info 1 /INPUT 1 "sel"
    .port_info 2 /INPUT 8 "data_in"
v0x55cdf83b11d0_0 .net "clk", 0 0, v0x55cdf83b5280_0;  alias, 1 drivers
v0x55cdf83b1290_0 .net "data_in", 7 0, L_0x55cdf83cd8a0;  1 drivers
v0x55cdf83b1350_0 .net "sel", 0 0, L_0x55cdf83cd7e0;  1 drivers
E_0x55cdf83b1150 .event posedge, v0x55cdf83af5d0_0;
S_0x55cdf83b1470 .scope module, "display" "xdisplay" 3 171, 7 4 0, S_0x55cdf836dd20;
 .timescale -9 -12;
    .port_info 0 /INPUT 1 "clk"
    .port_info 1 /INPUT 1 "rst"
    .port_info 2 /INPUT 1 "sel"
    .port_info 3 /INPUT 4 "n_display"
    .port_info 4 /INPUT 8 "segments"
    .port_info 5 /OUTPUT 12 "out"
v0x55cdf83b1720_0 .net "clk", 0 0, v0x55cdf83b5280_0;  alias, 1 drivers
v0x55cdf83b1810_0 .net "n_display", 3 0, L_0x55cdf83cdb50;  1 drivers
v0x55cdf83b18f0_0 .net "out", 11 0, L_0x55cdf83cd970;  alias, 1 drivers
v0x55cdf83b19b0_0 .var "out_aux", 7 0;
v0x55cdf83b1a90_0 .net "rst", 0 0, v0x55cdf83b6420_0;  alias, 1 drivers
v0x55cdf83b1b80_0 .net "segments", 7 0, L_0x55cdf83cdc40;  1 drivers
v0x55cdf83b1c40_0 .net "sel", 0 0, L_0x55cdf83cda60;  1 drivers
L_0x55cdf83cd970 .concat [ 8 4 0 0], v0x55cdf83b19b0_0, L_0x55cdf83cdb50;
S_0x55cdf83b1e00 .scope module, "led" "xled" 3 115, 8 4 0, S_0x55cdf836dd20;
 .timescale -9 -12;
    .port_info 0 /INPUT 1 "clk"
    .port_info 1 /INPUT 1 "rst"
    .port_info 2 /INPUT 1 "sel"
    .port_info 3 /INPUT 4 "in"
    .port_info 4 /OUTPUT 4 "out"
v0x55cdf83b2020_0 .net "clk", 0 0, v0x55cdf83b5280_0;  alias, 1 drivers
v0x55cdf83b20e0_0 .net "in", 3 0, L_0x55cdf83cd740;  1 drivers
v0x55cdf83b21c0_0 .var "out", 3 0;
v0x55cdf83b2280_0 .net "rst", 0 0, v0x55cdf83b6420_0;  alias, 1 drivers
v0x55cdf83b2370_0 .net "sel", 0 0, L_0x55cdf83cd680;  1 drivers
S_0x55cdf83b2520 .scope module, "ram" "xram" 3 88, 9 4 0, S_0x55cdf836dd20;
 .timescale -9 -12;
    .port_info 0 /INPUT 1 "clk"
    .port_info 1 /INPUT 9 "pc"
    .port_info 2 /OUTPUT 32 "instruction"
    .port_info 3 /INPUT 1 "data_sel"
    .port_info 4 /INPUT 1 "data_we"
    .port_info 5 /INPUT 9 "data_addr"
    .port_info 6 /INPUT 32 "data_in"
    .port_info 7 /OUTPUT 32 "data_out"
L_0x55cdf83ccf50 .functor BUFZ 9, L_0x55cdf83cc030, C4<000000000>, C4<000000000>, C4<000000000>;
L_0x55cdf83ccfc0 .functor BUFZ 1, L_0x55cdf83ccae0, C4<0>, C4<0>, C4<0>;
L_0x55cdf83cd030 .functor BUFZ 32, L_0x55cdf83ccb50, C4<00000000000000000000000000000000>, C4<00000000000000000000000000000000>, C4<00000000000000000000000000000000>;
L_0x55cdf83cd0a0 .functor BUFZ 1, v0x55cdf8373db0_0, C4<0>, C4<0>, C4<0>;
L_0x55cdf83cd170 .functor BUFZ 32, v0x55cdf83b2d70_0, C4<00000000000000000000000000000000>, C4<00000000000000000000000000000000>, C4<00000000000000000000000000000000>;
v0x55cdf83b2810_0 .net "clk", 0 0, v0x55cdf83b5280_0;  alias, 1 drivers
v0x55cdf83b28d0_0 .net "data_addr", 8 0, L_0x55cdf83cc030;  1 drivers
v0x55cdf83b29b0_0 .net "data_addr_int", 8 0, L_0x55cdf83ccf50;  1 drivers
v0x55cdf83b2a70_0 .net "data_en_int", 0 0, L_0x55cdf83cd0a0;  1 drivers
v0x55cdf83b2b30_0 .net "data_in", 31 0, L_0x55cdf83ccb50;  alias, 1 drivers
v0x55cdf83b2bf0_0 .net "data_in_int", 31 0, L_0x55cdf83cd030;  1 drivers
v0x55cdf83b2cb0_0 .net "data_out", 31 0, L_0x55cdf83cd170;  alias, 1 drivers
v0x55cdf83b2d70_0 .var "data_out_int", 31 0;
v0x55cdf83b2e30_0 .net "data_sel", 0 0, v0x55cdf8373db0_0;  alias, 1 drivers
v0x55cdf83b2f00_0 .net "data_we", 0 0, L_0x55cdf83ccae0;  alias, 1 drivers
v0x55cdf83b2fd0_0 .net "data_we_int", 0 0, L_0x55cdf83ccfc0;  1 drivers
L_0x7fd21c341be8 .functor BUFT 1, C4<1>, C4<0>, C4<0>, C4<0>;
v0x55cdf83b3070_0 .net "instr_en", 0 0, L_0x7fd21c341be8;  1 drivers
v0x55cdf83b3110_0 .var "instruction", 31 0;
v0x55cdf83b3200 .array "mem", 0 511, 31 0;
v0x55cdf83b32a0_0 .net "pc", 8 0, v0x55cdf83b0070_0;  alias, 1 drivers
S_0x55cdf83b3470 .scope module, "regf" "xregf" 3 105, 10 4 0, S_0x55cdf836dd20;
 .timescale -9 -12;
    .port_info 0 /INPUT 1 "clk"
    .port_info 1 /INPUT 1 "sel"
    .port_info 2 /INPUT 1 "we"
    .port_info 3 /INPUT 4 "addr"
    .port_info 4 /INPUT 32 "data_in"
    .port_info 5 /OUTPUT 32 "data_out"
v0x55cdf83b3690_0 .net *"_s0", 31 0, L_0x55cdf83cd210;  1 drivers
v0x55cdf83b3790_0 .net *"_s2", 5 0, L_0x55cdf83cd2e0;  1 drivers
L_0x7fd21c341c30 .functor BUFT 1, C4<00>, C4<0>, C4<0>, C4<0>;
v0x55cdf83b3870_0 .net *"_s5", 1 0, L_0x7fd21c341c30;  1 drivers
L_0x7fd21c341c78 .functor BUFT 1, C4<00000000000000000000000000000000>, C4<0>, C4<0>, C4<0>;
v0x55cdf83b3960_0 .net/2u *"_s6", 31 0, L_0x7fd21c341c78;  1 drivers
v0x55cdf83b3a40_0 .net "addr", 3 0, L_0x55cdf83cd590;  1 drivers
v0x55cdf83b3b70_0 .net "clk", 0 0, v0x55cdf83b5280_0;  alias, 1 drivers
v0x55cdf83b3c10_0 .net "data_in", 31 0, L_0x55cdf83ccb50;  alias, 1 drivers
v0x55cdf83b3d20_0 .net "data_out", 31 0, L_0x55cdf83cd450;  alias, 1 drivers
v0x55cdf83b3de0 .array "regf", 0 15, 31 0;
v0x55cdf83b4080_0 .net "sel", 0 0, v0x55cdf83a89c0_0;  alias, 1 drivers
v0x55cdf83b4120_0 .net "we", 0 0, L_0x55cdf83ccae0;  alias, 1 drivers
L_0x55cdf83cd210 .array/port v0x55cdf83b3de0, L_0x55cdf83cd2e0;
L_0x55cdf83cd2e0 .concat [ 4 2 0 0], L_0x55cdf83cd590, L_0x7fd21c341c30;
L_0x55cdf83cd450 .functor MUXZ 32, L_0x7fd21c341c78, L_0x55cdf83cd210, v0x55cdf83a89c0_0, C4<>;
    .scope S_0x55cdf8358a80;
T_0 ;
    %wait E_0x55cdf83a90e0;
    %load/vec4 v0x55cdf83afeb0_0;
    %pad/u 32;
    %cmpi/e 10, 0, 32;
    %flag_mov 8, 4;
    %load/vec4 v0x55cdf83afeb0_0;
    %pad/u 32;
    %cmpi/e 11, 0, 32;
    %flag_or 4, 8;
    %jmp/0xz  T_0.0, 4;
    %load/vec4 v0x55cdf83b0a40_0;
    %parti/s 10, 0, 2;
    %store/vec4 v0x55cdf83afb50_0, 0, 10;
    %jmp T_0.1;
T_0.0 ;
    %load/vec4 v0x55cdf83af690_0;
    %parti/s 10, 0, 2;
    %store/vec4 v0x55cdf83afb50_0, 0, 10;
T_0.1 ;
    %jmp T_0;
    .thread T_0, $push;
    .scope S_0x55cdf8358a80;
T_1 ;
    %wait E_0x55cdf83a9010;
    %pushi/vec4 0, 0, 32;
    %store/vec4 v0x55cdf83aff90_0, 0, 32;
    %load/vec4 v0x55cdf83afa90_0;
    %flag_set/vec4 8;
    %load/vec4 v0x55cdf83af030_0;
    %flag_set/vec4 9;
    %flag_or 9, 8;
    %jmp/0xz  T_1.0, 9;
    %load/vec4 v0x55cdf83afb50_0;
    %pad/u 32;
    %cmpi/e 528, 0, 32;
    %jmp/0xz  T_1.2, 4;
    %load/vec4 v0x55cdf83b0a40_0;
    %store/vec4 v0x55cdf83aff90_0, 0, 32;
    %jmp T_1.3;
T_1.2 ;
    %load/vec4 v0x55cdf83afb50_0;
    %pad/u 32;
    %cmpi/e 529, 0, 32;
    %jmp/0xz  T_1.4, 4;
    %load/vec4 v0x55cdf83b0b20_0;
    %pad/u 32;
    %pushi/vec4 0, 0, 32;
    %or;
    %store/vec4 v0x55cdf83aff90_0, 0, 32;
    %jmp T_1.5;
T_1.4 ;
    %load/vec4 v0x55cdf83af770_0;
    %flag_set/vec4 8;
    %jmp/0xz  T_1.6, 8;
    %load/vec4 v0x55cdf83af690_0;
    %store/vec4 v0x55cdf83aff90_0, 0, 32;
    %jmp T_1.7;
T_1.6 ;
    %load/vec4 v0x55cdf83afd70_0;
    %flag_set/vec4 8;
    %jmp/0xz  T_1.8, 8;
    %load/vec4 v0x55cdf83afc10_0;
    %store/vec4 v0x55cdf83aff90_0, 0, 32;
T_1.8 ;
T_1.7 ;
T_1.5 ;
T_1.3 ;
T_1.0 ;
    %jmp T_1;
    .thread T_1, $push;
    .scope S_0x55cdf8358a80;
T_2 ;
    %wait E_0x55cdf83a8fb0;
    %load/vec4 v0x55cdf83b0c00_0;
    %flag_set/vec4 8;
    %jmp/0xz  T_2.0, 8;
    %pushi/vec4 0, 0, 9;
    %assign/vec4 v0x55cdf83b0070_0, 0;
    %jmp T_2.1;
T_2.0 ;
    %load/vec4 v0x55cdf83b0070_0;
    %addi 1, 0, 9;
    %assign/vec4 v0x55cdf83b0070_0, 0;
    %load/vec4 v0x55cdf83afeb0_0;
    %pad/u 32;
    %pushi/vec4 12, 0, 32;
    %cmp/e;
    %flag_get/vec4 4;
    %load/vec4 v0x55cdf83b0150_0;
    %pushi/vec4 0, 0, 32;
    %cmp/e;
    %flag_get/vec4 4;
    %and;
    %flag_set/vec4 8;
    %jmp/0xz  T_2.2, 8;
    %load/vec4 v0x55cdf83af690_0;
    %parti/s 10, 0, 2;
    %pad/u 9;
    %assign/vec4 v0x55cdf83b0070_0, 0;
    %jmp T_2.3;
T_2.2 ;
    %load/vec4 v0x55cdf83afeb0_0;
    %pad/u 32;
    %pushi/vec4 14, 0, 32;
    %cmp/e;
    %flag_get/vec4 4;
    %load/vec4 v0x55cdf83b0150_0;
    %pushi/vec4 0, 0, 32;
    %cmp/e;
    %flag_get/vec4 4;
    %inv;
    %and;
    %flag_set/vec4 8;
    %jmp/0xz  T_2.4, 8;
    %load/vec4 v0x55cdf83af690_0;
    %parti/s 10, 0, 2;
    %pad/u 9;
    %assign/vec4 v0x55cdf83b0070_0, 0;
    %jmp T_2.5;
T_2.4 ;
    %load/vec4 v0x55cdf83afeb0_0;
    %pad/u 32;
    %pushi/vec4 13, 0, 32;
    %cmp/e;
    %flag_get/vec4 4;
    %load/vec4 v0x55cdf83b0150_0;
    %pushi/vec4 0, 0, 32;
    %cmp/e;
    %flag_get/vec4 4;
    %and;
    %flag_set/vec4 8;
    %jmp/0xz  T_2.6, 8;
    %load/vec4 v0x55cdf83b0a40_0;
    %parti/s 10, 0, 2;
    %pad/u 9;
    %assign/vec4 v0x55cdf83b0070_0, 0;
    %jmp T_2.7;
T_2.6 ;
    %load/vec4 v0x55cdf83afeb0_0;
    %pad/u 32;
    %pushi/vec4 15, 0, 32;
    %cmp/e;
    %flag_get/vec4 4;
    %load/vec4 v0x55cdf83b0150_0;
    %pushi/vec4 0, 0, 32;
    %cmp/e;
    %flag_get/vec4 4;
    %inv;
    %and;
    %flag_set/vec4 8;
    %jmp/0xz  T_2.8, 8;
    %load/vec4 v0x55cdf83b0a40_0;
    %parti/s 10, 0, 2;
    %pad/u 9;
    %assign/vec4 v0x55cdf83b0070_0, 0;
T_2.8 ;
T_2.7 ;
T_2.5 ;
T_2.3 ;
T_2.1 ;
    %jmp T_2;
    .thread T_2;
    .scope S_0x55cdf8358a80;
T_3 ;
    %wait E_0x55cdf83a8fb0;
    %load/vec4 v0x55cdf83b0c00_0;
    %flag_set/vec4 8;
    %jmp/0xz  T_3.0, 8;
    %pushi/vec4 0, 0, 32;
    %assign/vec4 v0x55cdf83b0150_0, 0;
    %jmp T_3.1;
T_3.0 ;
    %load/vec4 v0x55cdf83afa90_0;
    %flag_set/vec4 8;
    %jmp/0xz  T_3.2, 8;
    %load/vec4 v0x55cdf83aff90_0;
    %assign/vec4 v0x55cdf83b0150_0, 0;
    %jmp T_3.3;
T_3.2 ;
    %load/vec4 v0x55cdf83af030_0;
    %flag_set/vec4 8;
    %jmp/0xz  T_3.4, 8;
    %load/vec4 v0x55cdf83af1b0_0;
    %assign/vec4 v0x55cdf83b0150_0, 0;
    %jmp T_3.5;
T_3.4 ;
    %load/vec4 v0x55cdf83af370_0;
    %flag_set/vec4 8;
    %jmp/0xz  T_3.6, 8;
    %load/vec4 v0x55cdf83b0150_0;
    %subi 1, 0, 32;
    %assign/vec4 v0x55cdf83b0150_0, 0;
T_3.6 ;
T_3.5 ;
T_3.3 ;
T_3.1 ;
    %jmp T_3;
    .thread T_3;
    .scope S_0x55cdf8358a80;
T_4 ;
    %wait E_0x55cdf83a8fb0;
    %load/vec4 v0x55cdf83b0c00_0;
    %flag_set/vec4 8;
    %jmp/0xz  T_4.0, 8;
    %pushi/vec4 0, 0, 32;
    %assign/vec4 v0x55cdf83b0a40_0, 0;
    %jmp T_4.1;
T_4.0 ;
    %load/vec4 v0x55cdf83afb50_0;
    %pad/u 32;
    %pushi/vec4 528, 0, 32;
    %cmp/e;
    %flag_get/vec4 4;
    %load/vec4 v0x55cdf83afe10_0;
    %and;
    %flag_set/vec4 8;
    %jmp/0xz  T_4.2, 8;
    %load/vec4 v0x55cdf83b0150_0;
    %assign/vec4 v0x55cdf83b0a40_0, 0;
T_4.2 ;
T_4.1 ;
    %jmp T_4;
    .thread T_4;
    .scope S_0x55cdf8358a80;
T_5 ;
    %wait E_0x55cdf83a8fb0;
    %load/vec4 v0x55cdf83b0c00_0;
    %flag_set/vec4 8;
    %jmp/0xz  T_5.0, 8;
    %pushi/vec4 0, 0, 3;
    %assign/vec4 v0x55cdf83b0b20_0, 0;
    %jmp T_5.1;
T_5.0 ;
    %load/vec4 v0x55cdf83af030_0;
    %flag_set/vec4 8;
    %jmp/0xz  T_5.2, 8;
    %load/vec4 v0x55cdf83aef70_0;
    %load/vec4 v0x55cdf83af0f0_0;
    %concat/vec4; draw_concat_vec4
    %load/vec4 v0x55cdf83aec70_0;
    %concat/vec4; draw_concat_vec4
    %assign/vec4 v0x55cdf83b0b20_0, 0;
T_5.2 ;
T_5.1 ;
    %jmp T_5;
    .thread T_5;
    .scope S_0x55cdf8358a80;
T_6 ;
    %wait E_0x55cdf8392890;
    %load/vec4 v0x55cdf83afeb0_0;
    %pad/u 32;
    %cmpi/e 2, 0, 32;
    %jmp/0xz  T_6.0, 4;
    %pushi/vec4 0, 0, 1;
    %load/vec4 v0x55cdf83b0150_0;
    %parti/s 31, 0, 2;
    %concat/vec4; draw_concat_vec4
    %pushi/vec4 0, 0, 1;
    %load/vec4 v0x55cdf83aff90_0;
    %parti/s 31, 0, 2;
    %concat/vec4; draw_concat_vec4
    %sub;
    %store/vec4 v0x55cdf83af4f0_0, 0, 32;
    %jmp T_6.1;
T_6.0 ;
    %pushi/vec4 0, 0, 1;
    %load/vec4 v0x55cdf83b0150_0;
    %parti/s 31, 0, 2;
    %concat/vec4; draw_concat_vec4
    %pushi/vec4 0, 0, 1;
    %load/vec4 v0x55cdf83aff90_0;
    %parti/s 31, 0, 2;
    %concat/vec4; draw_concat_vec4
    %add;
    %store/vec4 v0x55cdf83af4f0_0, 0, 32;
T_6.1 ;
    %jmp T_6;
    .thread T_6, $push;
    .scope S_0x55cdf8358a80;
T_7 ;
    %wait E_0x55cdf83919a0;
    %load/vec4 v0x55cdf83afeb0_0;
    %pad/u 32;
    %cmpi/e 2, 0, 32;
    %jmp/0xz  T_7.0, 4;
    %load/vec4 v0x55cdf83b0150_0;
    %parti/s 1, 31, 6;
    %load/vec4 v0x55cdf83aff90_0;
    %parti/s 1, 31, 6;
    %inv;
    %and;
    %load/vec4 v0x55cdf83b0150_0;
    %parti/s 1, 31, 6;
    %load/vec4 v0x55cdf83aff90_0;
    %parti/s 1, 31, 6;
    %inv;
    %xor;
    %add;
    %load/vec4 v0x55cdf83af4f0_0;
    %parti/s 1, 31, 6;
    %and;
    %store/vec4 v0x55cdf83af430_0, 0, 1;
    %jmp T_7.1;
T_7.0 ;
    %load/vec4 v0x55cdf83b0150_0;
    %parti/s 1, 31, 6;
    %load/vec4 v0x55cdf83aff90_0;
    %parti/s 1, 31, 6;
    %and;
    %load/vec4 v0x55cdf83b0150_0;
    %parti/s 1, 31, 6;
    %load/vec4 v0x55cdf83aff90_0;
    %parti/s 1, 31, 6;
    %xor;
    %add;
    %load/vec4 v0x55cdf83af4f0_0;
    %parti/s 1, 31, 6;
    %and;
    %store/vec4 v0x55cdf83af430_0, 0, 1;
T_7.1 ;
    %jmp T_7;
    .thread T_7, $push;
    .scope S_0x55cdf8358a80;
T_8 ;
    %wait E_0x55cdf8391a20;
    %load/vec4 v0x55cdf83afeb0_0;
    %pad/u 32;
    %cmpi/e 2, 0, 32;
    %jmp/0xz  T_8.0, 4;
    %load/vec4 v0x55cdf83af4f0_0;
    %load/vec4 v0x55cdf83b0150_0;
    %parti/s 1, 31, 6;
    %concati/vec4 0, 0, 31;
    %add;
    %load/vec4 v0x55cdf83aff90_0;
    %parti/s 1, 31, 6;
    %concati/vec4 0, 0, 31;
    %sub;
    %store/vec4 v0x55cdf83aead0_0, 0, 32;
    %jmp T_8.1;
T_8.0 ;
    %load/vec4 v0x55cdf83af4f0_0;
    %load/vec4 v0x55cdf83b0150_0;
    %parti/s 1, 31, 6;
    %concati/vec4 0, 0, 31;
    %add;
    %load/vec4 v0x55cdf83aff90_0;
    %parti/s 1, 31, 6;
    %concati/vec4 0, 0, 31;
    %add;
    %store/vec4 v0x55cdf83aead0_0, 0, 32;
T_8.1 ;
    %jmp T_8;
    .thread T_8, $push;
    .scope S_0x55cdf8358a80;
T_9 ;
    %wait E_0x55cdf83040b0;
    %pushi/vec4 0, 0, 32;
    %store/vec4 v0x55cdf83af1b0_0, 0, 32;
    %pushi/vec4 0, 0, 1;
    %store/vec4 v0x55cdf83aec70_0, 0, 1;
    %pushi/vec4 0, 0, 1;
    %store/vec4 v0x55cdf83aef70_0, 0, 1;
    %pushi/vec4 0, 0, 1;
    %store/vec4 v0x55cdf83af0f0_0, 0, 1;
    %load/vec4 v0x55cdf83aebb0_0;
    %flag_set/vec4 8;
    %jmp/0xz  T_9.0, 8;
    %load/vec4 v0x55cdf83aead0_0;
    %store/vec4 v0x55cdf83af1b0_0, 0, 32;
    %load/vec4 v0x55cdf83af430_0;
    %store/vec4 v0x55cdf83aec70_0, 0, 1;
    %load/vec4 v0x55cdf83af430_0;
    %load/vec4 v0x55cdf83af4f0_0;
    %parti/s 1, 31, 6;
    %xor;
    %store/vec4 v0x55cdf83af0f0_0, 0, 1;
    %load/vec4 v0x55cdf83aead0_0;
    %parti/s 1, 31, 6;
    %store/vec4 v0x55cdf83aef70_0, 0, 1;
    %jmp T_9.1;
T_9.0 ;
    %load/vec4 v0x55cdf83afeb0_0;
    %pad/u 32;
    %cmpi/e 3, 0, 32;
    %jmp/0xz  T_9.2, 4;
    %load/vec4 v0x55cdf83aff90_0;
    %parti/s 1, 31, 6;
    %flag_set/vec4 8;
    %jmp/0xz  T_9.4, 8;
    %load/vec4 v0x55cdf83b0150_0;
    %ix/load 4, 1, 0;
    %flag_set/imm 4, 0;
    %shiftl 4;
    %store/vec4 v0x55cdf83af1b0_0, 0, 32;
    %load/vec4 v0x55cdf83b0150_0;
    %parti/s 1, 31, 6;
    %store/vec4 v0x55cdf83aec70_0, 0, 1;
    %load/vec4 v0x55cdf83b0150_0;
    %parti/s 1, 31, 6;
    %load/vec4 v0x55cdf83b0150_0;
    %parti/s 1, 30, 6;
    %xor;
    %store/vec4 v0x55cdf83af0f0_0, 0, 1;
    %load/vec4 v0x55cdf83b0150_0;
    %parti/s 1, 30, 6;
    %store/vec4 v0x55cdf83aef70_0, 0, 1;
    %jmp T_9.5;
T_9.4 ;
    %load/vec4 v0x55cdf83b0150_0;
    %parti/s 1, 31, 6;
    %load/vec4 v0x55cdf83b0150_0;
    %parti/s 31, 1, 2;
    %concat/vec4; draw_concat_vec4
    %store/vec4 v0x55cdf83af1b0_0, 0, 32;
    %pushi/vec4 0, 0, 1;
    %store/vec4 v0x55cdf83aec70_0, 0, 1;
    %pushi/vec4 0, 0, 1;
    %store/vec4 v0x55cdf83af0f0_0, 0, 1;
    %load/vec4 v0x55cdf83b0150_0;
    %parti/s 1, 31, 6;
    %store/vec4 v0x55cdf83aef70_0, 0, 1;
T_9.5 ;
    %jmp T_9.3;
T_9.2 ;
    %load/vec4 v0x55cdf83afeb0_0;
    %pad/u 32;
    %cmpi/e 4, 0, 32;
    %jmp/0xz  T_9.6, 4;
    %load/vec4 v0x55cdf83af290_0;
    %store/vec4 v0x55cdf83af1b0_0, 0, 32;
    %pushi/vec4 0, 0, 1;
    %store/vec4 v0x55cdf83aec70_0, 0, 1;
    %load/vec4 v0x55cdf83af290_0;
    %parti/s 1, 31, 6;
    %store/vec4 v0x55cdf83aef70_0, 0, 1;
    %pushi/vec4 0, 0, 1;
    %store/vec4 v0x55cdf83af0f0_0, 0, 1;
    %jmp T_9.7;
T_9.6 ;
    %load/vec4 v0x55cdf83afeb0_0;
    %pad/u 32;
    %cmpi/e 5, 0, 32;
    %jmp/0xz  T_9.8, 4;
    %load/vec4 v0x55cdf83b0d80_0;
    %store/vec4 v0x55cdf83af1b0_0, 0, 32;
    %pushi/vec4 0, 0, 1;
    %store/vec4 v0x55cdf83aec70_0, 0, 1;
    %load/vec4 v0x55cdf83b0d80_0;
    %parti/s 1, 31, 6;
    %store/vec4 v0x55cdf83aef70_0, 0, 1;
    %pushi/vec4 0, 0, 1;
    %store/vec4 v0x55cdf83af0f0_0, 0, 1;
T_9.8 ;
T_9.7 ;
T_9.3 ;
T_9.1 ;
    %jmp T_9;
    .thread T_9, $push;
    .scope S_0x55cdf83b2520;
T_10 ;
    %vpi_call/w 9 63 "$readmemh", "program.hex", v0x55cdf83b3200, 32'sb00000000000000000000000000000000, 32'sb00000000000000000000000111111111 {0 0 0};
    %end;
    .thread T_10;
    .scope S_0x55cdf83b2520;
T_11 ;
    %wait E_0x55cdf83b1150;
    %load/vec4 v0x55cdf83b3070_0;
    %flag_set/vec4 8;
    %jmp/0xz  T_11.0, 8;
    %load/vec4 v0x55cdf83b32a0_0;
    %pad/u 11;
    %ix/vec4 4;
    %load/vec4a v0x55cdf83b3200, 4;
    %assign/vec4 v0x55cdf83b3110_0, 0;
T_11.0 ;
    %jmp T_11;
    .thread T_11;
    .scope S_0x55cdf83b2520;
T_12 ;
    %wait E_0x55cdf83b1150;
    %load/vec4 v0x55cdf83b2a70_0;
    %flag_set/vec4 8;
    %jmp/0xz  T_12.0, 8;
    %load/vec4 v0x55cdf83b2fd0_0;
    %flag_set/vec4 8;
    %jmp/0xz  T_12.2, 8;
    %load/vec4 v0x55cdf83b2bf0_0;
    %load/vec4 v0x55cdf83b29b0_0;
    %pad/u 11;
    %ix/vec4 3;
    %ix/load 4, 0, 0; Constant delay
    %assign/vec4/a/d v0x55cdf83b3200, 0, 4;
T_12.2 ;
    %load/vec4 v0x55cdf83b29b0_0;
    %pad/u 11;
    %ix/vec4 4;
    %load/vec4a v0x55cdf83b3200, 4;
    %assign/vec4 v0x55cdf83b2d70_0, 0;
T_12.0 ;
    %jmp T_12;
    .thread T_12;
    .scope S_0x55cdf83b3470;
T_13 ;
    %wait E_0x55cdf83b1150;
    %load/vec4 v0x55cdf83b4080_0;
    %load/vec4 v0x55cdf83b4120_0;
    %and;
    %flag_set/vec4 8;
    %jmp/0xz  T_13.0, 8;
    %load/vec4 v0x55cdf83b3c10_0;
    %load/vec4 v0x55cdf83b3a40_0;
    %pad/u 6;
    %ix/vec4 3;
    %ix/load 4, 0, 0; Constant delay
    %assign/vec4/a/d v0x55cdf83b3de0, 0, 4;
T_13.0 ;
    %jmp T_13;
    .thread T_13;
    .scope S_0x55cdf83b1e00;
T_14 ;
    %wait E_0x55cdf83a8fb0;
    %load/vec4 v0x55cdf83b2280_0;
    %pad/u 32;
    %cmpi/e 1, 0, 32;
    %jmp/0xz  T_14.0, 4;
    %pushi/vec4 0, 0, 4;
    %assign/vec4 v0x55cdf83b21c0_0, 0;
    %jmp T_14.1;
T_14.0 ;
    %load/vec4 v0x55cdf83b2370_0;
    %pad/u 32;
    %cmpi/e 1, 0, 32;
    %jmp/0xz  T_14.2, 4;
    %load/vec4 v0x55cdf83b20e0_0;
    %assign/vec4 v0x55cdf83b21c0_0, 0;
T_14.2 ;
T_14.1 ;
    %jmp T_14;
    .thread T_14;
    .scope S_0x55cdf83562e0;
T_15 ;
    %wait E_0x55cdf8302a40;
    %pushi/vec4 0, 0, 1;
    %store/vec4 v0x55cdf8373db0_0, 0, 1;
    %pushi/vec4 0, 0, 1;
    %store/vec4 v0x55cdf83a89c0_0, 0, 1;
    %pushi/vec4 0, 0, 1;
    %store/vec4 v0x55cdf8373850_0, 0, 1;
    %pushi/vec4 0, 0, 1;
    %store/vec4 v0x55cdf8372f30_0, 0, 1;
    %pushi/vec4 0, 0, 1;
    %store/vec4 v0x55cdf83737b0_0, 0, 1;
    %pushi/vec4 0, 0, 1;
    %store/vec4 v0x55cdf83a8b40_0, 0, 1;
    %load/vec4 v0x55cdf83876d0_0;
    %pad/u 32;
    %pushi/vec4 512, 0, 32;
    %and;
    %cmpi/e 0, 0, 32;
    %jmp/0xz  T_15.0, 4;
    %load/vec4 v0x55cdf83a8a80_0;
    %store/vec4 v0x55cdf8373db0_0, 0, 1;
    %jmp T_15.1;
T_15.0 ;
    %load/vec4 v0x55cdf83876d0_0;
    %pad/u 32;
    %pushi/vec4 1008, 0, 32;
    %and;
    %cmpi/e 512, 0, 32;
    %jmp/0xz  T_15.2, 4;
    %load/vec4 v0x55cdf83a8a80_0;
    %store/vec4 v0x55cdf83a89c0_0, 0, 1;
    %jmp T_15.3;
T_15.2 ;
    %load/vec4 v0x55cdf83876d0_0;
    %pad/u 32;
    %pushi/vec4 1023, 0, 32;
    %and;
    %cmpi/e 602, 0, 32;
    %jmp/0xz  T_15.4, 4;
    %load/vec4 v0x55cdf83a8a80_0;
    %store/vec4 v0x55cdf8373850_0, 0, 1;
    %jmp T_15.5;
T_15.4 ;
    %load/vec4 v0x55cdf83876d0_0;
    %pad/u 32;
    %pushi/vec4 1023, 0, 32;
    %and;
    %cmpi/e 600, 0, 32;
    %jmp/0xz  T_15.6, 4;
    %load/vec4 v0x55cdf83a8a80_0;
    %store/vec4 v0x55cdf8372f30_0, 0, 1;
    %jmp T_15.7;
T_15.6 ;
    %load/vec4 v0x55cdf83876d0_0;
    %pad/u 32;
    %pushi/vec4 1023, 0, 32;
    %and;
    %cmpi/e 608, 0, 32;
    %jmp/0xz  T_15.8, 4;
    %load/vec4 v0x55cdf83a8a80_0;
    %store/vec4 v0x55cdf83737b0_0, 0, 1;
    %jmp T_15.9;
T_15.8 ;
    %load/vec4 v0x55cdf83a8a80_0;
    %store/vec4 v0x55cdf83a8b40_0, 0, 1;
T_15.9 ;
T_15.7 ;
T_15.5 ;
T_15.3 ;
T_15.1 ;
    %jmp T_15;
    .thread T_15, $push;
    .scope S_0x55cdf83562e0;
T_16 ;
    %wait E_0x55cdf83032f0;
    %pushi/vec4 0, 0, 32;
    %store/vec4 v0x55cdf8372fd0_0, 0, 32;
    %load/vec4 v0x55cdf8373db0_0;
    %flag_set/vec4 8;
    %jmp/0xz  T_16.0, 8;
    %load/vec4 v0x55cdf8373d10_0;
    %store/vec4 v0x55cdf8372fd0_0, 0, 32;
    %jmp T_16.1;
T_16.0 ;
    %load/vec4 v0x55cdf83a89c0_0;
    %flag_set/vec4 8;
    %jmp/0xz  T_16.2, 8;
    %load/vec4 v0x55cdf83a88e0_0;
    %store/vec4 v0x55cdf8372fd0_0, 0, 32;
T_16.2 ;
T_16.1 ;
    %jmp T_16;
    .thread T_16, $push;
    .scope S_0x55cdf83b0f80;
T_17 ;
    %wait E_0x55cdf83b1150;
    %load/vec4 v0x55cdf83b1350_0;
    %flag_set/vec4 8;
    %jmp/0xz  T_17.0, 8;
    %vpi_call/w 6 12 "$write", "%c", v0x55cdf83b1290_0 {0 0 0};
T_17.0 ;
    %jmp T_17;
    .thread T_17;
    .scope S_0x55cdf83b1470;
T_18 ;
    %pushi/vec4 0, 0, 8;
    %store/vec4 v0x55cdf83b19b0_0, 0, 8;
    %end;
    .thread T_18, $init;
    .scope S_0x55cdf83b1470;
T_19 ;
    %wait E_0x55cdf83a8fb0;
    %load/vec4 v0x55cdf83b1a90_0;
    %pad/u 32;
    %cmpi/e 1, 0, 32;
    %jmp/0xz  T_19.0, 4;
    %pushi/vec4 0, 0, 8;
    %assign/vec4 v0x55cdf83b19b0_0, 0;
    %jmp T_19.1;
T_19.0 ;
    %load/vec4 v0x55cdf83b1c40_0;
    %pad/u 32;
    %cmpi/e 1, 0, 32;
    %jmp/0xz  T_19.2, 4;
    %load/vec4 v0x55cdf83b1b80_0;
    %dup/vec4;
    %pushi/vec4 0, 0, 8;
    %cmp/u;
    %jmp/1 T_19.4, 6;
    %dup/vec4;
    %pushi/vec4 1, 0, 8;
    %cmp/u;
    %jmp/1 T_19.5, 6;
    %dup/vec4;
    %pushi/vec4 2, 0, 8;
    %cmp/u;
    %jmp/1 T_19.6, 6;
    %dup/vec4;
    %pushi/vec4 3, 0, 8;
    %cmp/u;
    %jmp/1 T_19.7, 6;
    %dup/vec4;
    %pushi/vec4 4, 0, 8;
    %cmp/u;
    %jmp/1 T_19.8, 6;
    %dup/vec4;
    %pushi/vec4 5, 0, 8;
    %cmp/u;
    %jmp/1 T_19.9, 6;
    %dup/vec4;
    %pushi/vec4 6, 0, 8;
    %cmp/u;
    %jmp/1 T_19.10, 6;
    %dup/vec4;
    %pushi/vec4 7, 0, 8;
    %cmp/u;
    %jmp/1 T_19.11, 6;
    %dup/vec4;
    %pushi/vec4 8, 0, 8;
    %cmp/u;
    %jmp/1 T_19.12, 6;
    %dup/vec4;
    %pushi/vec4 9, 0, 8;
    %cmp/u;
    %jmp/1 T_19.13, 6;
    %pushi/vec4 0, 0, 8;
    %assign/vec4 v0x55cdf83b19b0_0, 0;
    %jmp T_19.15;
T_19.4 ;
    %pushi/vec4 0, 0, 8;
    %assign/vec4 v0x55cdf83b19b0_0, 0;
    %jmp T_19.15;
T_19.5 ;
    %pushi/vec4 0, 0, 8;
    %assign/vec4 v0x55cdf83b19b0_0, 0;
    %jmp T_19.15;
T_19.6 ;
    %pushi/vec4 0, 0, 8;
    %assign/vec4 v0x55cdf83b19b0_0, 0;
    %jmp T_19.15;
T_19.7 ;
    %pushi/vec4 0, 0, 8;
    %assign/vec4 v0x55cdf83b19b0_0, 0;
    %jmp T_19.15;
T_19.8 ;
    %pushi/vec4 0, 0, 8;
    %assign/vec4 v0x55cdf83b19b0_0, 0;
    %jmp T_19.15;
T_19.9 ;
    %pushi/vec4 0, 0, 8;
    %assign/vec4 v0x55cdf83b19b0_0, 0;
    %jmp T_19.15;
T_19.10 ;
    %pushi/vec4 255, 0, 8;
    %assign/vec4 v0x55cdf83b19b0_0, 0;
    %jmp T_19.15;
T_19.11 ;
    %pushi/vec4 170, 0, 8;
    %assign/vec4 v0x55cdf83b19b0_0, 0;
    %jmp T_19.15;
T_19.12 ;
    %pushi/vec4 0, 0, 8;
    %assign/vec4 v0x55cdf83b19b0_0, 0;
    %jmp T_19.15;
T_19.13 ;
    %pushi/vec4 0, 0, 8;
    %assign/vec4 v0x55cdf83b19b0_0, 0;
    %jmp T_19.15;
T_19.15 ;
    %pop/vec4 1;
T_19.2 ;
T_19.1 ;
    %jmp T_19;
    .thread T_19;
    .scope S_0x55cdf835ade0;
T_20 ;
    %vpi_call/w 2 49 "$dumpfile", "xtop.vcd" {0 0 0};
    %vpi_call/w 2 50 "$dumpvars", 32'sb00000000000000000000000000000000, S_0x55cdf835ade0 {0 0 0};
    %pushi/vec4 1, 0, 1;
    %store/vec4 v0x55cdf83b5280_0, 0, 1;
    %pushi/vec4 0, 0, 1;
    %store/vec4 v0x55cdf83b6420_0, 0, 1;
    %delay 11000, 0;
    %pushi/vec4 1, 0, 1;
    %store/vec4 v0x55cdf83b6420_0, 0, 1;
    %delay 10000, 0;
    %pushi/vec4 0, 0, 1;
    %store/vec4 v0x55cdf83b6420_0, 0, 1;
    %vpi_func 2 66 "$time" 64 {0 0 0};
    %pad/u 32;
    %store/vec4 v0x55cdf83b64c0_0, 0, 32;
    %pushi/vec4 0, 0, 32;
    %store/vec4 v0x55cdf83b5400_0, 0, 32;
T_20.0 ;
    %load/vec4 v0x55cdf83b5400_0;
    %cmpi/s 16, 0, 32;
    %jmp/0xz T_20.1, 5;
    %ix/getv/s 4, v0x55cdf83b5400_0;
    %load/vec4a v0x55cdf83b3de0, 4;
    %ix/getv/s 4, v0x55cdf83b5400_0;
    %store/vec4a v0x55cdf83b5340, 4, 0;
    %load/vec4 v0x55cdf83b5400_0;
    %addi 1, 0, 32;
    %store/vec4 v0x55cdf83b5400_0, 0, 32;
    %jmp T_20.0;
T_20.1 ;
    %vpi_call/w 2 75 "$writememh", "data_out.hex", v0x55cdf83b5340, 32'sb00000000000000000000000000000000, 32'sb00000000000000000000000000001111 {0 0 0};
    %end;
    .thread T_20;
    .scope S_0x55cdf835ade0;
T_21 ;
    %wait E_0x55cdf83b1150;
    %load/vec4 v0x55cdf83b65a0_0;
    %flag_set/vec4 8;
    %jmp/0xz  T_21.0, 8;
    %vpi_func 2 85 "$time" 64 {0 0 0};
    %load/vec4 v0x55cdf83b64c0_0;
    %pad/u 64;
    %sub;
    %pushi/vec4 10, 0, 64;
    %div;
    %vpi_call/w 2 85 "$display", "Catched Trap at time  %0d clock cycles:", S<0,vec4,u64> {1 0 0};
    %load/vec4 v0x55cdf83b4810_0;
    %flag_set/vec4 8;
    %jmp/0 T_21.2, 8;
    %pushi/vec4 1467115892, 0, 32; draw_string_vec4
    %pushi/vec4 101, 0, 8; draw_string_vec4
    %concat/vec4; draw_string_vec4
    %jmp/1 T_21.3, 8;
T_21.2 ; End of true expr.
    %pushi/vec4 5399905, 0, 32; draw_string_vec4
    %pushi/vec4 100, 0, 8; draw_string_vec4
    %concat/vec4; draw_string_vec4
    %jmp/0 T_21.3, 8;
 ; End of false expr.
    %blend;
T_21.3;
    %vpi_call/w 2 86 "$display", "%s address %d, PC 0x%x", S<0,vec4,u40>, v0x55cdf83b4420_0, v0x55cdf83b4dd0_0 {1 0 0};
    %vpi_call/w 2 87 "$finish" {0 0 0};
T_21.0 ;
    %jmp T_21;
    .thread T_21;
    .scope S_0x55cdf835ade0;
T_22 ;
    %delay 5000, 0;
    %load/vec4 v0x55cdf83b5280_0;
    %inv;
    %store/vec4 v0x55cdf83b5280_0, 0, 1;
    %jmp T_22;
    .thread T_22;
# The file index is used to find the file name in the following table.
:file_names 11;
    "N/A";
    "<interactive>";
    "../../rtl/testbench/xtop_tb.v";
    "../../rtl/src/xtop.v";
    "../../rtl/src/xaddr_decoder.v";
    "../../rtl/src/xctrl.v";
    "../../rtl/src/xcprint.v";
    "../../rtl/src/xdisplay.v";
    "../../rtl/src/xled.v";
    "../../rtl/src/xram.v";
    "../../rtl/src/xregf.v";
