#! /usr/local/bin/vvp
:ivl_version "10.3 (stable)" "(v10_3)";
:ivl_delay_selection "TYPICAL";
:vpi_time_precision - 12;
:vpi_module "system";
:vpi_module "vhdl_sys";
:vpi_module "v2005_math";
:vpi_module "va_math";
:vpi_module "v2009";
S_0x56088c416450 .scope module, "LFSR" "LFSR" 2 3;
 .timescale -9 -12;
    .port_info 0 /INPUT 1 "clk"
    .port_info 1 /INPUT 1 "rst"
    .port_info 2 /INPUT 1 "sel"
    .port_info 3 /OUTPUT 3 "out"
L_0x56088c4c86b0 .functor XOR 1, L_0x56088c4f1090, L_0x56088c4f1130, C4<0>, C4<0>;
L_0x56088c4f1270 .functor NOT 1, L_0x56088c4c86b0, C4<0>, C4<0>, C4<0>;
v0x56088c4c4560_0 .net *"_s1", 0 0, L_0x56088c4f1090;  1 drivers
v0x56088c4c4cb0_0 .net *"_s3", 0 0, L_0x56088c4f1130;  1 drivers
v0x56088c4c4d50_0 .net *"_s4", 0 0, L_0x56088c4c86b0;  1 drivers
o0x7f9ab3cc60a8 .functor BUFZ 1, C4<z>; HiZ drive
v0x56088c4c5440_0 .net "clk", 0 0, o0x7f9ab3cc60a8;  0 drivers
v0x56088c4c54e0_0 .net "feedback", 0 0, L_0x56088c4f1270;  1 drivers
v0x56088c4c5bd0_0 .var "out", 2 0;
o0x7f9ab3cc6138 .functor BUFZ 1, C4<z>; HiZ drive
v0x56088c4c5c70_0 .net "rst", 0 0, o0x7f9ab3cc6138;  0 drivers
o0x7f9ab3cc6168 .functor BUFZ 1, C4<z>; HiZ drive
v0x56088c4e1520_0 .net "sel", 0 0, o0x7f9ab3cc6168;  0 drivers
E_0x56088c46ef00 .event posedge, v0x56088c4c5c70_0, v0x56088c4c5440_0;
L_0x56088c4f1090 .part v0x56088c4c5bd0_0, 2, 1;
L_0x56088c4f1130 .part v0x56088c4c5bd0_0, 1, 1;
S_0x56088c48ed70 .scope module, "xtop_w_tb" "xtop_w_tb" 3 5;
 .timescale -9 -12;
P_0x56088c438800 .param/l "clk_period" 0 3 8, +C4<00000000000000000000000000001010>;
o0x7f9ab3cc6288 .functor BUFZ 4, C4<zzzz>; HiZ drive
v0x56088c4f0770_0 .net "btn", 3 0, o0x7f9ab3cc6288;  0 drivers
v0x56088c4f08a0_0 .var "clk", 0 0;
v0x56088c4f0a70 .array "data", 0 15, 31 0;
v0x56088c4f0b10_0 .net "leds", 7 0, v0x56088c4e3140_0;  1 drivers
v0x56088c4f0c00_0 .var "rst", 0 0;
v0x56088c4f0cf0_0 .net "seg", 11 0, v0x56088c4e2b20_0;  1 drivers
v0x56088c4f0e00_0 .var/i "start_time", 31 0;
o0x7f9ab3cc63a8 .functor BUFZ 7, C4<zzzzzzz>; HiZ drive
v0x56088c4f0ee0_0 .net "sw", 6 0, o0x7f9ab3cc63a8;  0 drivers
v0x56088c4f0ff0_0 .net "trap", 0 0, v0x56088c4e3fd0_0;  1 drivers
S_0x56088c4a23e0 .scope module, "uut" "xtop_w" 3 27, 4 4 0, S_0x56088c48ed70;
 .timescale -9 -12;
    .port_info 0 /INPUT 1 "clk"
    .port_info 1 /INPUT 1 "rst"
    .port_info 2 /OUTPUT 1 "trap"
    .port_info 3 /INPUT 7 "sw"
    .port_info 4 /INPUT 4 "btn"
    .port_info 5 /OUTPUT 8 "leds"
    .port_info 6 /OUTPUT 12 "seg"
v0x56088c4efbc0_0 .net "addr_wire", 8 0, L_0x56088c4f1410;  1 drivers
v0x56088c4efca0_0 .net "btn", 3 0, o0x7f9ab3cc6288;  alias, 0 drivers
v0x56088c4efd40_0 .net "clk", 0 0, v0x56088c4f08a0_0;  1 drivers
v0x56088c4efde0_0 .net "datain_wire", 31 0, L_0x56088c4f1700;  1 drivers
v0x56088c4efe80_0 .net "dataout_wire", 31 0, v0x56088c4e1b60_0;  1 drivers
v0x56088c4eff70_0 .net "displaysel_wire", 3 0, v0x56088c4e1c40_0;  1 drivers
v0x56088c4f0060_0 .net "leds", 7 0, v0x56088c4e3140_0;  alias, 1 drivers
v0x56088c4f0120_0 .net "ledsel_wire", 0 0, v0x56088c4e1d70_0;  1 drivers
v0x56088c4f0210_0 .net "rden_wire", 0 0, L_0x56088c4f1640;  1 drivers
v0x56088c4f02b0_0 .net "rst", 0 0, v0x56088c4f0c00_0;  1 drivers
v0x56088c4f03e0_0 .net "seg", 11 0, v0x56088c4e2b20_0;  alias, 1 drivers
v0x56088c4f0480_0 .net "sw", 6 0, o0x7f9ab3cc63a8;  alias, 0 drivers
v0x56088c4f0520_0 .net "trap", 0 0, v0x56088c4e3fd0_0;  alias, 1 drivers
v0x56088c4f05c0_0 .net "wren_wire", 0 0, L_0x56088c4f1870;  1 drivers
L_0x56088c508ab0 .part L_0x56088c4f1410, 0, 4;
L_0x56088c508b50 .part L_0x56088c4f1700, 0, 8;
L_0x56088c508d40 .part L_0x56088c4f1700, 0, 8;
S_0x56088c4a8b10 .scope module, "addr_extdecoder" "xaddr_extdecoder" 4 38, 5 4 0, S_0x56088c4a23e0;
 .timescale -9 -12;
    .port_info 0 /INPUT 4 "addr"
    .port_info 1 /INPUT 1 "rd_en"
    .port_info 2 /INPUT 1 "wr_en"
    .port_info 3 /INPUT 7 "switch_in"
    .port_info 4 /INPUT 4 "button_in"
    .port_info 5 /OUTPUT 32 "data_out"
    .port_info 6 /OUTPUT 1 "led_sel"
    .port_info 7 /OUTPUT 4 "display_sel"
v0x56088c4e18e0_0 .net "addr", 3 0, L_0x56088c508ab0;  1 drivers
v0x56088c4e19e0_0 .net "button_in", 3 0, o0x7f9ab3cc6288;  alias, 0 drivers
v0x56088c4e1ac0_0 .var "button_sel", 0 0;
v0x56088c4e1b60_0 .var "data_out", 31 0;
v0x56088c4e1c40_0 .var "display_sel", 3 0;
v0x56088c4e1d70_0 .var "led_sel", 0 0;
v0x56088c4e1e30_0 .net "rd_en", 0 0, L_0x56088c4f1640;  alias, 1 drivers
v0x56088c4e1ef0_0 .net "switch_in", 6 0, o0x7f9ab3cc63a8;  alias, 0 drivers
v0x56088c4e1fd0_0 .var "switch_sel", 0 0;
v0x56088c4e2090_0 .net "wr_en", 0 0, L_0x56088c4f1870;  alias, 1 drivers
E_0x56088c46e7a0 .event edge, v0x56088c4e1ac0_0, v0x56088c4e19e0_0, v0x56088c4e1fd0_0, v0x56088c4e1ef0_0;
E_0x56088c46e9a0 .event edge, v0x56088c4e18e0_0, v0x56088c4e2090_0, v0x56088c4e1e30_0;
S_0x56088c4910d0 .scope module, "display" "xdisplay" 4 56, 6 4 0, S_0x56088c4a23e0;
 .timescale -9 -12;
    .port_info 0 /INPUT 1 "clk"
    .port_info 1 /INPUT 1 "rst"
    .port_info 2 /INPUT 4 "n_display"
    .port_info 3 /INPUT 8 "segments"
    .port_info 4 /OUTPUT 12 "out"
L_0x7f9ab3c7dcc0 .functor BUFT 1, C4<1111>, C4<0>, C4<0>, C4<0>;
v0x56088c4e2350_0 .net/2u *"_s0", 3 0, L_0x7f9ab3c7dcc0;  1 drivers
v0x56088c4e2450_0 .net "clk", 0 0, v0x56088c4f08a0_0;  alias, 1 drivers
v0x56088c4e2510_0 .var "cntDiv", 3 0;
v0x56088c4e25d0_0 .var "dis_reg_aux0", 7 0;
v0x56088c4e26b0_0 .var "dis_reg_aux1", 7 0;
v0x56088c4e27e0_0 .var "dis_reg_aux2", 7 0;
v0x56088c4e28c0_0 .var "dis_reg_aux3", 7 0;
v0x56088c4e29a0_0 .net "enRegister", 0 0, L_0x56088c508bf0;  1 drivers
v0x56088c4e2a60_0 .net "n_display", 3 0, v0x56088c4e1c40_0;  alias, 1 drivers
v0x56088c4e2b20_0 .var "out", 11 0;
v0x56088c4e2be0_0 .net "rst", 0 0, v0x56088c4f0c00_0;  alias, 1 drivers
v0x56088c4e2ca0_0 .net "segments", 7 0, L_0x56088c508d40;  1 drivers
v0x56088c4e2d80_0 .var "shiftRegister", 3 0;
E_0x56088c4c1cb0/0 .event edge, v0x56088c4e2be0_0, v0x56088c4e2d80_0, v0x56088c4e25d0_0, v0x56088c4e26b0_0;
E_0x56088c4c1cb0/1 .event edge, v0x56088c4e27e0_0, v0x56088c4e28c0_0;
E_0x56088c4c1cb0 .event/or E_0x56088c4c1cb0/0, E_0x56088c4c1cb0/1;
E_0x56088c4c9c20 .event posedge, v0x56088c4e2be0_0, v0x56088c4e2450_0;
L_0x56088c508bf0 .cmp/eq 4, v0x56088c4e2510_0, L_0x7f9ab3c7dcc0;
S_0x56088c493870 .scope module, "led" "xled" 4 49, 7 4 0, S_0x56088c4a23e0;
 .timescale -9 -12;
    .port_info 0 /INPUT 1 "clk"
    .port_info 1 /INPUT 1 "rst"
    .port_info 2 /INPUT 1 "sel"
    .port_info 3 /INPUT 8 "in"
    .port_info 4 /OUTPUT 8 "out"
v0x56088c4e2fb0_0 .net "clk", 0 0, v0x56088c4f08a0_0;  alias, 1 drivers
v0x56088c4e3080_0 .net "in", 7 0, L_0x56088c508b50;  1 drivers
v0x56088c4e3140_0 .var "out", 7 0;
v0x56088c4e3230_0 .net "rst", 0 0, v0x56088c4f0c00_0;  alias, 1 drivers
v0x56088c4e3300_0 .net "sel", 0 0, v0x56088c4e1d70_0;  alias, 1 drivers
S_0x56088c495bd0 .scope module, "top" "xtop" 4 28, 8 5 0, S_0x56088c4a23e0;
 .timescale -9 -12;
    .port_info 0 /INPUT 1 "clk"
    .port_info 1 /INPUT 1 "rst"
    .port_info 2 /OUTPUT 1 "trap"
    .port_info 3 /OUTPUT 9 "par_addr"
    .port_info 4 /INPUT 32 "par_in"
    .port_info 5 /OUTPUT 1 "par_re"
    .port_info 6 /OUTPUT 32 "par_out"
    .port_info 7 /OUTPUT 1 "par_we"
L_0x56088c4f1330 .functor BUFZ 32, v0x56088c4e1b60_0, C4<00000000000000000000000000000000>, C4<00000000000000000000000000000000>, C4<00000000000000000000000000000000>;
L_0x56088c4f1520 .functor NOT 1, L_0x56088c507dc0, C4<0>, C4<0>, C4<0>;
L_0x56088c4f1640 .functor AND 1, v0x56088c4e3ac0_0, L_0x56088c4f1520, C4<1>, C4<1>;
L_0x56088c4f1700 .functor BUFZ 32, L_0x56088c507e30, C4<00000000000000000000000000000000>, C4<00000000000000000000000000000000>, C4<00000000000000000000000000000000>;
L_0x56088c4f1870 .functor AND 1, v0x56088c4e3ac0_0, L_0x56088c507dc0, C4<1>, C4<1>;
L_0x56088c5088e0 .functor AND 1, v0x56088c4e3860_0, L_0x56088c507dc0, C4<1>, C4<1>;
v0x56088c4ee810_0 .net *"_s4", 0 0, L_0x56088c4f1520;  1 drivers
v0x56088c4ee910_0 .net "clk", 0 0, v0x56088c4f08a0_0;  alias, 1 drivers
v0x56088c4ee9d0_0 .net "cprt_sel", 0 0, v0x56088c4e3860_0;  1 drivers
v0x56088c4eeaa0_0 .net "data_addr", 9 0, v0x56088c4eb200_0;  1 drivers
v0x56088c4eeb90_0 .net "data_sel", 0 0, L_0x56088c507c00;  1 drivers
v0x56088c4eecd0_0 .net "data_to_rd", 31 0, v0x56088c4e3920_0;  1 drivers
v0x56088c4eedc0_0 .net "data_to_wr", 31 0, L_0x56088c507e30;  1 drivers
v0x56088c4eee60_0 .net "data_we", 0 0, L_0x56088c507dc0;  1 drivers
v0x56088c4eef00_0 .net "ext_data_to_rd", 31 0, L_0x56088c4f1330;  1 drivers
v0x56088c4eefc0_0 .net "ext_sel", 0 0, v0x56088c4e3ac0_0;  1 drivers
v0x56088c4ef060_0 .net "instruction", 31 0, v0x56088c4ed820_0;  1 drivers
v0x56088c4ef100_0 .net "mem_data_to_rd", 31 0, L_0x56088c508380;  1 drivers
v0x56088c4ef1f0_0 .net "mem_sel", 0 0, v0x56088c4e3cb0_0;  1 drivers
v0x56088c4ef2e0_0 .net "par_addr", 8 0, L_0x56088c4f1410;  alias, 1 drivers
v0x56088c4ef3c0_0 .net "par_in", 31 0, v0x56088c4e1b60_0;  alias, 1 drivers
v0x56088c4ef480_0 .net "par_out", 31 0, L_0x56088c4f1700;  alias, 1 drivers
v0x56088c4ef540_0 .net "par_re", 0 0, L_0x56088c4f1640;  alias, 1 drivers
v0x56088c4ef5e0_0 .net "par_we", 0 0, L_0x56088c4f1870;  alias, 1 drivers
v0x56088c4ef680_0 .net "pc", 8 0, v0x56088c4eb720_0;  1 drivers
v0x56088c4ef770_0 .net "regf_data_to_rd", 31 0, L_0x56088c5086b0;  1 drivers
v0x56088c4ef860_0 .net "regf_sel", 0 0, v0x56088c4e3e50_0;  1 drivers
v0x56088c4ef950_0 .net "rst", 0 0, v0x56088c4f0c00_0;  alias, 1 drivers
v0x56088c4ef9f0_0 .net "trap", 0 0, v0x56088c4e3fd0_0;  alias, 1 drivers
L_0x56088c4f1410 .part v0x56088c4eb200_0, 0, 9;
L_0x56088c507310 .part v0x56088c4eb200_0, 0, 9;
L_0x56088c5087f0 .part v0x56088c4eb200_0, 0, 4;
L_0x56088c5089e0 .part L_0x56088c507e30, 0, 8;
S_0x56088c4b7a70 .scope module, "addr_decoder" "xaddr_decoder" 8 109, 9 4 0, S_0x56088c495bd0;
 .timescale -9 -12;
    .port_info 0 /INPUT 10 "addr"
    .port_info 1 /INPUT 1 "sel"
    .port_info 2 /OUTPUT 1 "mem_sel"
    .port_info 3 /INPUT 32 "mem_data_to_rd"
    .port_info 4 /OUTPUT 1 "regf_sel"
    .port_info 5 /INPUT 32 "regf_data_to_rd"
    .port_info 6 /OUTPUT 1 "cprt_sel"
    .port_info 7 /OUTPUT 1 "ext_sel"
    .port_info 8 /INPUT 32 "ext_data_to_rd"
    .port_info 9 /OUTPUT 1 "trap_sel"
    .port_info 10 /OUTPUT 32 "data_to_rd"
v0x56088c4e3760_0 .net "addr", 9 0, v0x56088c4eb200_0;  alias, 1 drivers
v0x56088c4e3860_0 .var "cprt_sel", 0 0;
v0x56088c4e3920_0 .var "data_to_rd", 31 0;
v0x56088c4e39e0_0 .net "ext_data_to_rd", 31 0, L_0x56088c4f1330;  alias, 1 drivers
v0x56088c4e3ac0_0 .var "ext_sel", 0 0;
v0x56088c4e3bd0_0 .net "mem_data_to_rd", 31 0, L_0x56088c508380;  alias, 1 drivers
v0x56088c4e3cb0_0 .var "mem_sel", 0 0;
v0x56088c4e3d70_0 .net "regf_data_to_rd", 31 0, L_0x56088c5086b0;  alias, 1 drivers
v0x56088c4e3e50_0 .var "regf_sel", 0 0;
v0x56088c4e3f10_0 .net "sel", 0 0, L_0x56088c507c00;  alias, 1 drivers
v0x56088c4e3fd0_0 .var "trap_sel", 0 0;
E_0x56088c4e3660/0 .event edge, v0x56088c4e3cb0_0, v0x56088c4e3bd0_0, v0x56088c4e3e50_0, v0x56088c4e3d70_0;
E_0x56088c4e3660/1 .event edge, v0x56088c4e3ac0_0, v0x56088c4e39e0_0;
E_0x56088c4e3660 .event/or E_0x56088c4e3660/0, E_0x56088c4e3660/1;
E_0x56088c4e3700 .event edge, v0x56088c4e3760_0, v0x56088c4e3f10_0;
S_0x56088c4e41f0 .scope module, "controller" "xctrl" 8 64, 10 7 0, S_0x56088c495bd0;
 .timescale -9 -12;
    .port_info 0 /INPUT 1 "clk"
    .port_info 1 /INPUT 1 "rst"
    .port_info 2 /OUTPUT 9 "pc"
    .port_info 3 /INPUT 32 "instruction"
    .port_info 4 /OUTPUT 1 "mem_sel"
    .port_info 5 /OUTPUT 1 "mem_we"
    .port_info 6 /OUTPUT 10 "mem_addr"
    .port_info 7 /INPUT 32 "mem_data_from"
    .port_info 8 /OUTPUT 32 "mem_data_to"
L_0x56088c501d70 .functor OR 1, L_0x56088c5019b0, L_0x56088c501c30, C4<0>, C4<0>;
L_0x56088c502400 .functor OR 1, L_0x56088c501fc0, L_0x56088c502270, C4<0>, C4<0>;
L_0x56088c502510 .functor OR 1, L_0x56088c501d70, L_0x56088c502400, C4<0>, C4<0>;
L_0x56088c502b40 .functor OR 1, L_0x56088c5027a0, L_0x56088c502990, C4<0>, C4<0>;
L_0x56088c502ad0 .functor OR 1, L_0x56088c502d40, L_0x56088c503100, C4<0>, C4<0>;
L_0x56088c503a30 .functor OR 1, L_0x56088c503570, L_0x56088c503840, C4<0>, C4<0>;
L_0x56088c503dd0 .functor OR 1, L_0x56088c503a30, L_0x56088c503bd0, C4<0>, C4<0>;
L_0x56088c5044f0 .functor OR 1, L_0x56088c503fd0, L_0x56088c5042d0, C4<0>, C4<0>;
L_0x56088c504970 .functor AND 1, L_0x56088c503dd0, L_0x56088c504740, C4<1>, C4<1>;
L_0x56088c504a80 .functor OR 1, L_0x56088c504970, L_0x56088c5044f0, C4<0>, C4<0>;
L_0x56088c504bf0 .functor OR 1, L_0x56088c502ad0, L_0x56088c5044f0, C4<0>, C4<0>;
L_0x56088c504c60 .functor OR 1, L_0x56088c504bf0, L_0x56088c503dd0, C4<0>, C4<0>;
L_0x56088c504d90 .functor OR 1, L_0x56088c501d70, L_0x56088c502ad0, C4<0>, C4<0>;
L_0x56088c505470 .functor OR 1, L_0x56088c504ef0, L_0x56088c505220, C4<0>, C4<0>;
L_0x56088c504d20 .functor OR 1, L_0x56088c505470, L_0x56088c505900, C4<0>, C4<0>;
L_0x56088c505a40 .functor OR 1, L_0x56088c504d20, L_0x56088c505cf0, C4<0>, C4<0>;
L_0x56088c507140 .functor OR 1, L_0x56088c502b40, L_0x56088c502400, C4<0>, C4<0>;
L_0x56088c507200 .functor OR 1, L_0x56088c507140, L_0x56088c504a80, C4<0>, C4<0>;
L_0x56088c507720 .functor AND 1, L_0x56088c507200, L_0x56088c5075e0, C4<1>, C4<1>;
L_0x56088c507c00 .functor AND 1, L_0x56088c507720, L_0x56088c507ac0, C4<1>, C4<1>;
L_0x56088c507dc0 .functor BUFZ 1, L_0x56088c502b40, C4<0>, C4<0>, C4<0>;
L_0x56088c507e30 .functor BUFZ 32, v0x56088c4eb800_0, C4<00000000000000000000000000000000>, C4<00000000000000000000000000000000>, C4<00000000000000000000000000000000>;
L_0x56088c507fb0 .functor AND 32, v0x56088c4eb800_0, v0x56088c4eb640_0, C4<11111111111111111111111111111111>, C4<11111111111111111111111111111111>;
L_0x56088c508020 .functor XOR 32, v0x56088c4eb800_0, v0x56088c4eb640_0, C4<00000000000000000000000000000000>, C4<00000000000000000000000000000000>;
v0x56088c4e47f0_0 .net *"_s0", 31 0, L_0x56088c4f18e0;  1 drivers
v0x56088c4e48d0_0 .net *"_s102", 31 0, L_0x56088c503ee0;  1 drivers
L_0x7f9ab3c7d648 .functor BUFT 1, C4<0000000000000000000000000000>, C4<0>, C4<0>, C4<0>;
v0x56088c4e49b0_0 .net *"_s105", 27 0, L_0x7f9ab3c7d648;  1 drivers
L_0x7f9ab3c7d690 .functor BUFT 1, C4<00000000000000000000000000000100>, C4<0>, C4<0>, C4<0>;
v0x56088c4e4a70_0 .net/2u *"_s106", 31 0, L_0x7f9ab3c7d690;  1 drivers
v0x56088c4e4b50_0 .net *"_s108", 0 0, L_0x56088c503fd0;  1 drivers
L_0x7f9ab3c7d0a8 .functor BUFT 1, C4<0000000000000000000000000000>, C4<0>, C4<0>, C4<0>;
v0x56088c4e4c60_0 .net *"_s11", 27 0, L_0x7f9ab3c7d0a8;  1 drivers
v0x56088c4e4d40_0 .net *"_s110", 31 0, L_0x56088c5041e0;  1 drivers
L_0x7f9ab3c7d6d8 .functor BUFT 1, C4<0000000000000000000000000000>, C4<0>, C4<0>, C4<0>;
v0x56088c4e4e20_0 .net *"_s113", 27 0, L_0x7f9ab3c7d6d8;  1 drivers
L_0x7f9ab3c7d720 .functor BUFT 1, C4<00000000000000000000000000000101>, C4<0>, C4<0>, C4<0>;
v0x56088c4e4f00_0 .net/2u *"_s114", 31 0, L_0x7f9ab3c7d720;  1 drivers
v0x56088c4e4fe0_0 .net *"_s116", 0 0, L_0x56088c5042d0;  1 drivers
L_0x7f9ab3c7d0f0 .functor BUFT 1, C4<00000000000000000000000000000111>, C4<0>, C4<0>, C4<0>;
v0x56088c4e50a0_0 .net/2u *"_s12", 31 0, L_0x7f9ab3c7d0f0;  1 drivers
v0x56088c4e5180_0 .net *"_s120", 31 0, L_0x56088c504650;  1 drivers
L_0x7f9ab3c7d768 .functor BUFT 1, C4<0000000000000000000000000000>, C4<0>, C4<0>, C4<0>;
v0x56088c4e5260_0 .net *"_s123", 27 0, L_0x7f9ab3c7d768;  1 drivers
L_0x7f9ab3c7d7b0 .functor BUFT 1, C4<00000000000000000000000000000000>, C4<0>, C4<0>, C4<0>;
v0x56088c4e5340_0 .net/2u *"_s124", 31 0, L_0x7f9ab3c7d7b0;  1 drivers
v0x56088c4e5420_0 .net *"_s126", 0 0, L_0x56088c504740;  1 drivers
v0x56088c4e54e0_0 .net *"_s128", 0 0, L_0x56088c504970;  1 drivers
v0x56088c4e55a0_0 .net *"_s132", 0 0, L_0x56088c504bf0;  1 drivers
v0x56088c4e5680_0 .net *"_s138", 31 0, L_0x56088c504e00;  1 drivers
v0x56088c4e5760_0 .net *"_s14", 0 0, L_0x56088c501c30;  1 drivers
L_0x7f9ab3c7d7f8 .functor BUFT 1, C4<0000000000000000000000000000>, C4<0>, C4<0>, C4<0>;
v0x56088c4e5820_0 .net *"_s141", 27 0, L_0x7f9ab3c7d7f8;  1 drivers
L_0x7f9ab3c7d840 .functor BUFT 1, C4<00000000000000000000000000001100>, C4<0>, C4<0>, C4<0>;
v0x56088c4e5900_0 .net/2u *"_s142", 31 0, L_0x7f9ab3c7d840;  1 drivers
v0x56088c4e59e0_0 .net *"_s144", 0 0, L_0x56088c504ef0;  1 drivers
v0x56088c4e5aa0_0 .net *"_s146", 31 0, L_0x56088c505130;  1 drivers
L_0x7f9ab3c7d888 .functor BUFT 1, C4<0000000000000000000000000000>, C4<0>, C4<0>, C4<0>;
v0x56088c4e5b80_0 .net *"_s149", 27 0, L_0x7f9ab3c7d888;  1 drivers
L_0x7f9ab3c7d8d0 .functor BUFT 1, C4<00000000000000000000000000001110>, C4<0>, C4<0>, C4<0>;
v0x56088c4e5c60_0 .net/2u *"_s150", 31 0, L_0x7f9ab3c7d8d0;  1 drivers
v0x56088c4e5d40_0 .net *"_s152", 0 0, L_0x56088c505220;  1 drivers
v0x56088c4e5e00_0 .net *"_s154", 0 0, L_0x56088c505470;  1 drivers
v0x56088c4e5ec0_0 .net *"_s156", 31 0, L_0x56088c505600;  1 drivers
L_0x7f9ab3c7d918 .functor BUFT 1, C4<0000000000000000000000000000>, C4<0>, C4<0>, C4<0>;
v0x56088c4e5fa0_0 .net *"_s159", 27 0, L_0x7f9ab3c7d918;  1 drivers
L_0x7f9ab3c7d960 .functor BUFT 1, C4<00000000000000000000000000001101>, C4<0>, C4<0>, C4<0>;
v0x56088c4e6080_0 .net/2u *"_s160", 31 0, L_0x7f9ab3c7d960;  1 drivers
v0x56088c4e6160_0 .net *"_s162", 0 0, L_0x56088c505900;  1 drivers
v0x56088c4e6220_0 .net *"_s164", 0 0, L_0x56088c504d20;  1 drivers
v0x56088c4e62e0_0 .net *"_s166", 31 0, L_0x56088c505c00;  1 drivers
L_0x7f9ab3c7d9a8 .functor BUFT 1, C4<0000000000000000000000000000>, C4<0>, C4<0>, C4<0>;
v0x56088c4e65d0_0 .net *"_s169", 27 0, L_0x7f9ab3c7d9a8;  1 drivers
L_0x7f9ab3c7d9f0 .functor BUFT 1, C4<00000000000000000000000000001111>, C4<0>, C4<0>, C4<0>;
v0x56088c4e66b0_0 .net/2u *"_s170", 31 0, L_0x7f9ab3c7d9f0;  1 drivers
v0x56088c4e6790_0 .net *"_s172", 0 0, L_0x56088c505cf0;  1 drivers
v0x56088c4e6850_0 .net *"_s178", 31 0, L_0x56088c506090;  1 drivers
v0x56088c4e6930_0 .net *"_s18", 31 0, L_0x56088c501e80;  1 drivers
L_0x7f9ab3c7da38 .functor BUFT 1, C4<0000000000000000000000000000>, C4<0>, C4<0>, C4<0>;
v0x56088c4e6a10_0 .net *"_s181", 27 0, L_0x7f9ab3c7da38;  1 drivers
L_0x7f9ab3c7da80 .functor BUFT 1, C4<00000000000000000000000000000111>, C4<0>, C4<0>, C4<0>;
v0x56088c4e6af0_0 .net/2u *"_s182", 31 0, L_0x7f9ab3c7da80;  1 drivers
v0x56088c4e6bd0_0 .net *"_s184", 0 0, L_0x56088c5062c0;  1 drivers
v0x56088c4e6c90_0 .net *"_s187", 15 0, L_0x56088c506400;  1 drivers
v0x56088c4e6d70_0 .net *"_s189", 15 0, L_0x56088c5065f0;  1 drivers
v0x56088c4e6e50_0 .net *"_s190", 31 0, L_0x56088c5066c0;  1 drivers
v0x56088c4e6f30_0 .net *"_s193", 0 0, L_0x56088c506940;  1 drivers
v0x56088c4e7010_0 .net *"_s194", 3 0, L_0x56088c5069e0;  1 drivers
v0x56088c4e70f0_0 .net *"_s197", 27 0, L_0x56088c506c70;  1 drivers
v0x56088c4e71d0_0 .net *"_s198", 31 0, L_0x56088c506d10;  1 drivers
v0x56088c4e72b0_0 .net *"_s202", 0 0, L_0x56088c507140;  1 drivers
v0x56088c4e7390_0 .net *"_s204", 0 0, L_0x56088c507200;  1 drivers
v0x56088c4e7470_0 .net *"_s206", 31 0, L_0x56088c5073b0;  1 drivers
L_0x7f9ab3c7dac8 .functor BUFT 1, C4<0000000000000000000000>, C4<0>, C4<0>, C4<0>;
v0x56088c4e7550_0 .net *"_s209", 21 0, L_0x7f9ab3c7dac8;  1 drivers
L_0x7f9ab3c7d138 .functor BUFT 1, C4<0000000000000000000000000000>, C4<0>, C4<0>, C4<0>;
v0x56088c4e7630_0 .net *"_s21", 27 0, L_0x7f9ab3c7d138;  1 drivers
L_0x7f9ab3c7db10 .functor BUFT 1, C4<00000000000000000000001000010000>, C4<0>, C4<0>, C4<0>;
v0x56088c4e7710_0 .net/2u *"_s210", 31 0, L_0x7f9ab3c7db10;  1 drivers
v0x56088c4e77f0_0 .net *"_s212", 0 0, L_0x56088c5075e0;  1 drivers
v0x56088c4e78b0_0 .net *"_s214", 0 0, L_0x56088c507720;  1 drivers
v0x56088c4e7970_0 .net *"_s216", 31 0, L_0x56088c507830;  1 drivers
L_0x7f9ab3c7db58 .functor BUFT 1, C4<0000000000000000000000>, C4<0>, C4<0>, C4<0>;
v0x56088c4e7a50_0 .net *"_s219", 21 0, L_0x7f9ab3c7db58;  1 drivers
L_0x7f9ab3c7d180 .functor BUFT 1, C4<00000000000000000000000000001000>, C4<0>, C4<0>, C4<0>;
v0x56088c4e7b30_0 .net/2u *"_s22", 31 0, L_0x7f9ab3c7d180;  1 drivers
L_0x7f9ab3c7dba0 .functor BUFT 1, C4<00000000000000000000001000010001>, C4<0>, C4<0>, C4<0>;
v0x56088c4e7c10_0 .net/2u *"_s220", 31 0, L_0x7f9ab3c7dba0;  1 drivers
v0x56088c4e7cf0_0 .net *"_s222", 0 0, L_0x56088c507ac0;  1 drivers
v0x56088c4e7db0_0 .net *"_s24", 0 0, L_0x56088c501fc0;  1 drivers
v0x56088c4e7e70_0 .net *"_s26", 31 0, L_0x56088c502140;  1 drivers
L_0x7f9ab3c7d1c8 .functor BUFT 1, C4<0000000000000000000000000000>, C4<0>, C4<0>, C4<0>;
v0x56088c4e7f50_0 .net *"_s29", 27 0, L_0x7f9ab3c7d1c8;  1 drivers
L_0x7f9ab3c7d018 .functor BUFT 1, C4<0000000000000000000000000000>, C4<0>, C4<0>, C4<0>;
v0x56088c4e8030_0 .net *"_s3", 27 0, L_0x7f9ab3c7d018;  1 drivers
L_0x7f9ab3c7d210 .functor BUFT 1, C4<00000000000000000000000000001010>, C4<0>, C4<0>, C4<0>;
v0x56088c4e8520_0 .net/2u *"_s30", 31 0, L_0x7f9ab3c7d210;  1 drivers
v0x56088c4e8600_0 .net *"_s32", 0 0, L_0x56088c502270;  1 drivers
v0x56088c4e86c0_0 .net *"_s38", 31 0, L_0x56088c502620;  1 drivers
L_0x7f9ab3c7d060 .functor BUFT 1, C4<00000000000000000000000000000110>, C4<0>, C4<0>, C4<0>;
v0x56088c4e87a0_0 .net/2u *"_s4", 31 0, L_0x7f9ab3c7d060;  1 drivers
L_0x7f9ab3c7d258 .functor BUFT 1, C4<0000000000000000000000000000>, C4<0>, C4<0>, C4<0>;
v0x56088c4e8880_0 .net *"_s41", 27 0, L_0x7f9ab3c7d258;  1 drivers
L_0x7f9ab3c7d2a0 .functor BUFT 1, C4<00000000000000000000000000001001>, C4<0>, C4<0>, C4<0>;
v0x56088c4e8960_0 .net/2u *"_s42", 31 0, L_0x7f9ab3c7d2a0;  1 drivers
v0x56088c4e8a40_0 .net *"_s44", 0 0, L_0x56088c5027a0;  1 drivers
v0x56088c4e8b00_0 .net *"_s46", 31 0, L_0x56088c5028f0;  1 drivers
L_0x7f9ab3c7d2e8 .functor BUFT 1, C4<0000000000000000000000000000>, C4<0>, C4<0>, C4<0>;
v0x56088c4e8be0_0 .net *"_s49", 27 0, L_0x7f9ab3c7d2e8;  1 drivers
L_0x7f9ab3c7d330 .functor BUFT 1, C4<00000000000000000000000000001011>, C4<0>, C4<0>, C4<0>;
v0x56088c4e8cc0_0 .net/2u *"_s50", 31 0, L_0x7f9ab3c7d330;  1 drivers
v0x56088c4e8da0_0 .net *"_s52", 0 0, L_0x56088c502990;  1 drivers
v0x56088c4e8e60_0 .net *"_s56", 31 0, L_0x56088c502c50;  1 drivers
L_0x7f9ab3c7d378 .functor BUFT 1, C4<0000000000000000000000000000>, C4<0>, C4<0>, C4<0>;
v0x56088c4e8f40_0 .net *"_s59", 27 0, L_0x7f9ab3c7d378;  1 drivers
v0x56088c4e9020_0 .net *"_s6", 0 0, L_0x56088c5019b0;  1 drivers
L_0x7f9ab3c7d3c0 .functor BUFT 1, C4<00000000000000000000000000000000>, C4<0>, C4<0>, C4<0>;
v0x56088c4e90e0_0 .net/2u *"_s60", 31 0, L_0x7f9ab3c7d3c0;  1 drivers
v0x56088c4e91c0_0 .net *"_s62", 0 0, L_0x56088c502d40;  1 drivers
v0x56088c4e9280_0 .net *"_s64", 31 0, L_0x56088c502f00;  1 drivers
L_0x7f9ab3c7d408 .functor BUFT 1, C4<0000000000000000000000000000>, C4<0>, C4<0>, C4<0>;
v0x56088c4e9360_0 .net *"_s67", 27 0, L_0x7f9ab3c7d408;  1 drivers
L_0x7f9ab3c7d450 .functor BUFT 1, C4<00000000000000000000000000000011>, C4<0>, C4<0>, C4<0>;
v0x56088c4e9440_0 .net/2u *"_s68", 31 0, L_0x7f9ab3c7d450;  1 drivers
v0x56088c4e9520_0 .net *"_s70", 0 0, L_0x56088c503100;  1 drivers
v0x56088c4e95e0_0 .net *"_s74", 31 0, L_0x56088c503370;  1 drivers
L_0x7f9ab3c7d498 .functor BUFT 1, C4<0000000000000000000000000000>, C4<0>, C4<0>, C4<0>;
v0x56088c4e96c0_0 .net *"_s77", 27 0, L_0x7f9ab3c7d498;  1 drivers
L_0x7f9ab3c7d4e0 .functor BUFT 1, C4<00000000000000000000000000000000>, C4<0>, C4<0>, C4<0>;
v0x56088c4e97a0_0 .net/2u *"_s78", 31 0, L_0x7f9ab3c7d4e0;  1 drivers
v0x56088c4e9880_0 .net *"_s8", 31 0, L_0x56088c501af0;  1 drivers
v0x56088c4e9960_0 .net *"_s80", 0 0, L_0x56088c503570;  1 drivers
v0x56088c4e9a20_0 .net *"_s82", 31 0, L_0x56088c503750;  1 drivers
L_0x7f9ab3c7d528 .functor BUFT 1, C4<0000000000000000000000000000>, C4<0>, C4<0>, C4<0>;
v0x56088c4e9b00_0 .net *"_s85", 27 0, L_0x7f9ab3c7d528;  1 drivers
L_0x7f9ab3c7d570 .functor BUFT 1, C4<00000000000000000000000000000001>, C4<0>, C4<0>, C4<0>;
v0x56088c4e9be0_0 .net/2u *"_s86", 31 0, L_0x7f9ab3c7d570;  1 drivers
v0x56088c4e9cc0_0 .net *"_s88", 0 0, L_0x56088c503840;  1 drivers
v0x56088c4e9d80_0 .net *"_s90", 0 0, L_0x56088c503a30;  1 drivers
v0x56088c4e9e40_0 .net *"_s92", 31 0, L_0x56088c5036b0;  1 drivers
L_0x7f9ab3c7d5b8 .functor BUFT 1, C4<0000000000000000000000000000>, C4<0>, C4<0>, C4<0>;
v0x56088c4e9f20_0 .net *"_s95", 27 0, L_0x7f9ab3c7d5b8;  1 drivers
L_0x7f9ab3c7d600 .functor BUFT 1, C4<00000000000000000000000000000010>, C4<0>, C4<0>, C4<0>;
v0x56088c4ea000_0 .net/2u *"_s96", 31 0, L_0x7f9ab3c7d600;  1 drivers
v0x56088c4ea0e0_0 .net *"_s98", 0 0, L_0x56088c503bd0;  1 drivers
v0x56088c4ea1a0_0 .var "adder_res", 31 0;
v0x56088c4ea280_0 .net "alu_arith_ops", 0 0, L_0x56088c503dd0;  1 drivers
v0x56088c4ea340_0 .var "alu_carry", 0 0;
v0x56088c4ea400_0 .net "alu_imm_ops", 0 0, L_0x56088c502ad0;  1 drivers
v0x56088c4ea4c0_0 .net "alu_logic_ops", 0 0, L_0x56088c5044f0;  1 drivers
v0x56088c4ea580_0 .net "alu_mem_ops", 0 0, L_0x56088c504a80;  1 drivers
v0x56088c4ea640_0 .var "alu_negative", 0 0;
v0x56088c4ea700_0 .net "alu_ops", 0 0, L_0x56088c504c60;  1 drivers
v0x56088c4ea7c0_0 .var "alu_overflow", 0 0;
v0x56088c4ea880_0 .var "alu_result", 31 0;
v0x56088c4ea960_0 .net "and_res", 31 0, L_0x56088c507fb0;  1 drivers
v0x56088c4eaa40_0 .net "branch_ops", 0 0, L_0x56088c505a40;  1 drivers
v0x56088c4eab00_0 .var "carry_res_n", 0 0;
v0x56088c4eabc0_0 .var "carry_res_n_1", 31 0;
v0x56088c4eaca0_0 .net "clk", 0 0, v0x56088c4f08a0_0;  alias, 1 drivers
v0x56088c4ead40_0 .net/s "imm", 31 0, L_0x56088c506fb0;  1 drivers
v0x56088c4eae20_0 .net "imm_ops", 0 0, L_0x56088c504d90;  1 drivers
v0x56088c4eaee0_0 .net "instruction", 31 0, v0x56088c4ed820_0;  alias, 1 drivers
v0x56088c4eafc0_0 .net "load_imm_ops", 0 0, L_0x56088c501d70;  1 drivers
v0x56088c4eb080_0 .net "load_mem_ops", 0 0, L_0x56088c502400;  1 drivers
v0x56088c4eb140_0 .net "load_ops", 0 0, L_0x56088c502510;  1 drivers
v0x56088c4eb200_0 .var "mem_addr", 9 0;
v0x56088c4eb2c0_0 .net "mem_data_from", 31 0, v0x56088c4e3920_0;  alias, 1 drivers
v0x56088c4eb360_0 .net "mem_data_to", 31 0, L_0x56088c507e30;  alias, 1 drivers
v0x56088c4eb420_0 .net "mem_sel", 0 0, L_0x56088c507c00;  alias, 1 drivers
v0x56088c4eb4c0_0 .net "mem_we", 0 0, L_0x56088c507dc0;  alias, 1 drivers
v0x56088c4eb560_0 .net "opcode", 3 0, L_0x56088c505ff0;  1 drivers
v0x56088c4eb640_0 .var "operand", 31 0;
v0x56088c4eb720_0 .var "pc", 8 0;
v0x56088c4eb800_0 .var "regA", 31 0;
v0x56088c4ec0f0_0 .var "regB", 31 0;
v0x56088c4ec1d0_0 .var "regC", 2 0;
v0x56088c4ec2b0_0 .net "rst", 0 0, v0x56088c4f0c00_0;  alias, 1 drivers
v0x56088c4ec3a0_0 .net "store_mem_ops", 0 0, L_0x56088c502b40;  1 drivers
v0x56088c4ec460_0 .net "xor_res", 31 0, L_0x56088c508020;  1 drivers
E_0x56088c4e44c0/0 .event edge, v0x56088c4ea280_0, v0x56088c4ea1a0_0, v0x56088c4eab00_0, v0x56088c4eabc0_0;
E_0x56088c4e44c0/1 .event edge, v0x56088c4eb560_0, v0x56088c4eb640_0, v0x56088c4eb800_0, v0x56088c4ea960_0;
E_0x56088c4e44c0/2 .event edge, v0x56088c4ec460_0;
E_0x56088c4e44c0 .event/or E_0x56088c4e44c0/0, E_0x56088c4e44c0/1, E_0x56088c4e44c0/2;
E_0x56088c4e4550 .event edge, v0x56088c4eb560_0, v0x56088c4eabc0_0, v0x56088c4eb800_0, v0x56088c4eb640_0;
E_0x56088c4e45c0 .event edge, v0x56088c4eb560_0, v0x56088c4eb800_0, v0x56088c4eb640_0, v0x56088c4eabc0_0;
E_0x56088c4e4630 .event edge, v0x56088c4eb560_0, v0x56088c4eb800_0, v0x56088c4eb640_0;
E_0x56088c4e46c0/0 .event edge, v0x56088c4eb140_0, v0x56088c4ea700_0, v0x56088c4e3760_0, v0x56088c4ec0f0_0;
E_0x56088c4e46c0/1 .event edge, v0x56088c4ec1d0_0, v0x56088c4eae20_0, v0x56088c4ead40_0, v0x56088c4e3f10_0;
E_0x56088c4e46c0/2 .event edge, v0x56088c4e3920_0;
E_0x56088c4e46c0 .event/or E_0x56088c4e46c0/0, E_0x56088c4e46c0/1, E_0x56088c4e46c0/2;
E_0x56088c4e4750 .event edge, v0x56088c4eb560_0, v0x56088c4ec0f0_0, v0x56088c4ead40_0;
L_0x56088c4f18e0 .concat [ 4 28 0 0], L_0x56088c505ff0, L_0x7f9ab3c7d018;
L_0x56088c5019b0 .cmp/eq 32, L_0x56088c4f18e0, L_0x7f9ab3c7d060;
L_0x56088c501af0 .concat [ 4 28 0 0], L_0x56088c505ff0, L_0x7f9ab3c7d0a8;
L_0x56088c501c30 .cmp/eq 32, L_0x56088c501af0, L_0x7f9ab3c7d0f0;
L_0x56088c501e80 .concat [ 4 28 0 0], L_0x56088c505ff0, L_0x7f9ab3c7d138;
L_0x56088c501fc0 .cmp/eq 32, L_0x56088c501e80, L_0x7f9ab3c7d180;
L_0x56088c502140 .concat [ 4 28 0 0], L_0x56088c505ff0, L_0x7f9ab3c7d1c8;
L_0x56088c502270 .cmp/eq 32, L_0x56088c502140, L_0x7f9ab3c7d210;
L_0x56088c502620 .concat [ 4 28 0 0], L_0x56088c505ff0, L_0x7f9ab3c7d258;
L_0x56088c5027a0 .cmp/eq 32, L_0x56088c502620, L_0x7f9ab3c7d2a0;
L_0x56088c5028f0 .concat [ 4 28 0 0], L_0x56088c505ff0, L_0x7f9ab3c7d2e8;
L_0x56088c502990 .cmp/eq 32, L_0x56088c5028f0, L_0x7f9ab3c7d330;
L_0x56088c502c50 .concat [ 4 28 0 0], L_0x56088c505ff0, L_0x7f9ab3c7d378;
L_0x56088c502d40 .cmp/eq 32, L_0x56088c502c50, L_0x7f9ab3c7d3c0;
L_0x56088c502f00 .concat [ 4 28 0 0], L_0x56088c505ff0, L_0x7f9ab3c7d408;
L_0x56088c503100 .cmp/eq 32, L_0x56088c502f00, L_0x7f9ab3c7d450;
L_0x56088c503370 .concat [ 4 28 0 0], L_0x56088c505ff0, L_0x7f9ab3c7d498;
L_0x56088c503570 .cmp/eq 32, L_0x56088c503370, L_0x7f9ab3c7d4e0;
L_0x56088c503750 .concat [ 4 28 0 0], L_0x56088c505ff0, L_0x7f9ab3c7d528;
L_0x56088c503840 .cmp/eq 32, L_0x56088c503750, L_0x7f9ab3c7d570;
L_0x56088c5036b0 .concat [ 4 28 0 0], L_0x56088c505ff0, L_0x7f9ab3c7d5b8;
L_0x56088c503bd0 .cmp/eq 32, L_0x56088c5036b0, L_0x7f9ab3c7d600;
L_0x56088c503ee0 .concat [ 4 28 0 0], L_0x56088c505ff0, L_0x7f9ab3c7d648;
L_0x56088c503fd0 .cmp/eq 32, L_0x56088c503ee0, L_0x7f9ab3c7d690;
L_0x56088c5041e0 .concat [ 4 28 0 0], L_0x56088c505ff0, L_0x7f9ab3c7d6d8;
L_0x56088c5042d0 .cmp/eq 32, L_0x56088c5041e0, L_0x7f9ab3c7d720;
L_0x56088c504650 .concat [ 4 28 0 0], L_0x56088c505ff0, L_0x7f9ab3c7d768;
L_0x56088c504740 .cmp/ne 32, L_0x56088c504650, L_0x7f9ab3c7d7b0;
L_0x56088c504e00 .concat [ 4 28 0 0], L_0x56088c505ff0, L_0x7f9ab3c7d7f8;
L_0x56088c504ef0 .cmp/eq 32, L_0x56088c504e00, L_0x7f9ab3c7d840;
L_0x56088c505130 .concat [ 4 28 0 0], L_0x56088c505ff0, L_0x7f9ab3c7d888;
L_0x56088c505220 .cmp/eq 32, L_0x56088c505130, L_0x7f9ab3c7d8d0;
L_0x56088c505600 .concat [ 4 28 0 0], L_0x56088c505ff0, L_0x7f9ab3c7d918;
L_0x56088c505900 .cmp/eq 32, L_0x56088c505600, L_0x7f9ab3c7d960;
L_0x56088c505c00 .concat [ 4 28 0 0], L_0x56088c505ff0, L_0x7f9ab3c7d9a8;
L_0x56088c505cf0 .cmp/eq 32, L_0x56088c505c00, L_0x7f9ab3c7d9f0;
L_0x56088c505ff0 .part v0x56088c4ed820_0, 28, 4;
L_0x56088c506090 .concat [ 4 28 0 0], L_0x56088c505ff0, L_0x7f9ab3c7da38;
L_0x56088c5062c0 .cmp/eq 32, L_0x56088c506090, L_0x7f9ab3c7da80;
L_0x56088c506400 .part v0x56088c4ed820_0, 0, 16;
L_0x56088c5065f0 .part v0x56088c4eb800_0, 0, 16;
L_0x56088c5066c0 .concat [ 16 16 0 0], L_0x56088c5065f0, L_0x56088c506400;
L_0x56088c506940 .part v0x56088c4ed820_0, 27, 1;
L_0x56088c5069e0 .concat [ 1 1 1 1], L_0x56088c506940, L_0x56088c506940, L_0x56088c506940, L_0x56088c506940;
L_0x56088c506c70 .part v0x56088c4ed820_0, 0, 28;
L_0x56088c506d10 .concat [ 28 4 0 0], L_0x56088c506c70, L_0x56088c5069e0;
L_0x56088c506fb0 .functor MUXZ 32, L_0x56088c506d10, L_0x56088c5066c0, L_0x56088c5062c0, C4<>;
L_0x56088c5073b0 .concat [ 10 22 0 0], v0x56088c4eb200_0, L_0x7f9ab3c7dac8;
L_0x56088c5075e0 .cmp/ne 32, L_0x56088c5073b0, L_0x7f9ab3c7db10;
L_0x56088c507830 .concat [ 10 22 0 0], v0x56088c4eb200_0, L_0x7f9ab3c7db58;
L_0x56088c507ac0 .cmp/ne 32, L_0x56088c507830, L_0x7f9ab3c7dba0;
S_0x56088c4ec6b0 .scope module, "cprint" "xcprint" 8 146, 11 4 0, S_0x56088c495bd0;
 .timescale -9 -12;
    .port_info 0 /INPUT 1 "clk"
    .port_info 1 /INPUT 1 "sel"
    .port_info 2 /INPUT 8 "data_in"
v0x56088c4ec900_0 .net "clk", 0 0, v0x56088c4f08a0_0;  alias, 1 drivers
v0x56088c4ec9c0_0 .net "data_in", 7 0, L_0x56088c5089e0;  1 drivers
v0x56088c4ecaa0_0 .net "sel", 0 0, L_0x56088c5088e0;  1 drivers
E_0x56088c4ec880 .event posedge, v0x56088c4e2450_0;
S_0x56088c4ecbf0 .scope module, "ram" "xram" 8 81, 12 4 0, S_0x56088c495bd0;
 .timescale -9 -12;
    .port_info 0 /INPUT 1 "clk"
    .port_info 1 /INPUT 9 "pc"
    .port_info 2 /OUTPUT 32 "instruction"
    .port_info 3 /INPUT 1 "data_sel"
    .port_info 4 /INPUT 1 "data_we"
    .port_info 5 /INPUT 9 "data_addr"
    .port_info 6 /INPUT 32 "data_in"
    .port_info 7 /OUTPUT 32 "data_out"
L_0x56088c508160 .functor BUFZ 9, L_0x56088c507310, C4<000000000>, C4<000000000>, C4<000000000>;
L_0x56088c5081d0 .functor BUFZ 1, L_0x56088c507dc0, C4<0>, C4<0>, C4<0>;
L_0x56088c508240 .functor BUFZ 32, L_0x56088c507e30, C4<00000000000000000000000000000000>, C4<00000000000000000000000000000000>, C4<00000000000000000000000000000000>;
L_0x56088c5082b0 .functor BUFZ 1, v0x56088c4e3cb0_0, C4<0>, C4<0>, C4<0>;
L_0x56088c508380 .functor BUFZ 32, v0x56088c4ed480_0, C4<00000000000000000000000000000000>, C4<00000000000000000000000000000000>, C4<00000000000000000000000000000000>;
v0x56088c4ecee0_0 .net "clk", 0 0, v0x56088c4f08a0_0;  alias, 1 drivers
v0x56088c4ecf80_0 .net "data_addr", 8 0, L_0x56088c507310;  1 drivers
v0x56088c4ed060_0 .net "data_addr_int", 8 0, L_0x56088c508160;  1 drivers
v0x56088c4ed150_0 .net "data_en_int", 0 0, L_0x56088c5082b0;  1 drivers
v0x56088c4ed210_0 .net "data_in", 31 0, L_0x56088c507e30;  alias, 1 drivers
v0x56088c4ed2d0_0 .net "data_in_int", 31 0, L_0x56088c508240;  1 drivers
v0x56088c4ed390_0 .net "data_out", 31 0, L_0x56088c508380;  alias, 1 drivers
v0x56088c4ed480_0 .var "data_out_int", 31 0;
v0x56088c4ed540_0 .net "data_sel", 0 0, v0x56088c4e3cb0_0;  alias, 1 drivers
v0x56088c4ed610_0 .net "data_we", 0 0, L_0x56088c507dc0;  alias, 1 drivers
v0x56088c4ed6e0_0 .net "data_we_int", 0 0, L_0x56088c5081d0;  1 drivers
L_0x7f9ab3c7dbe8 .functor BUFT 1, C4<1>, C4<0>, C4<0>, C4<0>;
v0x56088c4ed780_0 .net "instr_en", 0 0, L_0x7f9ab3c7dbe8;  1 drivers
v0x56088c4ed820_0 .var "instruction", 31 0;
v0x56088c4ed910 .array "mem", 0 511, 31 0;
v0x56088c4ed9b0_0 .net "pc", 8 0, v0x56088c4eb720_0;  alias, 1 drivers
S_0x56088c4edb80 .scope module, "regf" "xregf" 8 98, 13 4 0, S_0x56088c495bd0;
 .timescale -9 -12;
    .port_info 0 /INPUT 1 "clk"
    .port_info 1 /INPUT 1 "sel"
    .port_info 2 /INPUT 1 "we"
    .port_info 3 /INPUT 4 "addr"
    .port_info 4 /INPUT 32 "data_in"
    .port_info 5 /OUTPUT 32 "data_out"
v0x56088c4ede30_0 .net *"_s0", 31 0, L_0x56088c508470;  1 drivers
v0x56088c4edf30_0 .net *"_s2", 5 0, L_0x56088c508540;  1 drivers
L_0x7f9ab3c7dc30 .functor BUFT 1, C4<00>, C4<0>, C4<0>, C4<0>;
v0x56088c4ee010_0 .net *"_s5", 1 0, L_0x7f9ab3c7dc30;  1 drivers
L_0x7f9ab3c7dc78 .functor BUFT 1, C4<00000000000000000000000000000000>, C4<0>, C4<0>, C4<0>;
v0x56088c4ee0d0_0 .net/2u *"_s6", 31 0, L_0x7f9ab3c7dc78;  1 drivers
v0x56088c4ee1b0_0 .net "addr", 3 0, L_0x56088c5087f0;  1 drivers
v0x56088c4ee2e0_0 .net "clk", 0 0, v0x56088c4f08a0_0;  alias, 1 drivers
v0x56088c4ee380_0 .net "data_in", 31 0, L_0x56088c507e30;  alias, 1 drivers
v0x56088c4ee490_0 .net "data_out", 31 0, L_0x56088c5086b0;  alias, 1 drivers
v0x56088c4ee550 .array "regf", 0 15, 31 0;
v0x56088c4ee5f0_0 .net "sel", 0 0, v0x56088c4e3e50_0;  alias, 1 drivers
v0x56088c4ee690_0 .net "we", 0 0, L_0x56088c507dc0;  alias, 1 drivers
L_0x56088c508470 .array/port v0x56088c4ee550, L_0x56088c508540;
L_0x56088c508540 .concat [ 4 2 0 0], L_0x56088c5087f0, L_0x7f9ab3c7dc30;
L_0x56088c5086b0 .functor MUXZ 32, L_0x7f9ab3c7dc78, L_0x56088c508470, v0x56088c4e3e50_0, C4<>;
    .scope S_0x56088c416450;
T_0 ;
    %wait E_0x56088c46ef00;
    %load/vec4 v0x56088c4c5c70_0;
    %flag_set/vec4 8;
    %jmp/0xz  T_0.0, 8;
    %pushi/vec4 0, 0, 3;
    %store/vec4 v0x56088c4c5bd0_0, 0, 3;
    %jmp T_0.1;
T_0.0 ;
    %load/vec4 v0x56088c4e1520_0;
    %flag_set/vec4 8;
    %jmp/0xz  T_0.2, 8;
    %load/vec4 v0x56088c4c5bd0_0;
    %parti/s 2, 0, 2;
    %load/vec4 v0x56088c4c54e0_0;
    %concat/vec4; draw_concat_vec4
    %assign/vec4 v0x56088c4c5bd0_0, 0;
T_0.2 ;
T_0.1 ;
    %jmp T_0;
    .thread T_0;
    .scope S_0x56088c4e41f0;
T_1 ;
    %wait E_0x56088c4e4750;
    %load/vec4 v0x56088c4eb560_0;
    %pad/u 32;
    %cmpi/e 10, 0, 32;
    %flag_mov 8, 4;
    %load/vec4 v0x56088c4eb560_0;
    %pad/u 32;
    %cmpi/e 11, 0, 32;
    %flag_or 4, 8;
    %jmp/0xz  T_1.0, 4;
    %load/vec4 v0x56088c4ec0f0_0;
    %parti/s 10, 0, 2;
    %store/vec4 v0x56088c4eb200_0, 0, 10;
    %jmp T_1.1;
T_1.0 ;
    %load/vec4 v0x56088c4ead40_0;
    %parti/s 10, 0, 2;
    %store/vec4 v0x56088c4eb200_0, 0, 10;
T_1.1 ;
    %jmp T_1;
    .thread T_1, $push;
    .scope S_0x56088c4e41f0;
T_2 ;
    %wait E_0x56088c4e46c0;
    %pushi/vec4 0, 0, 32;
    %store/vec4 v0x56088c4eb640_0, 0, 32;
    %load/vec4 v0x56088c4eb140_0;
    %flag_set/vec4 8;
    %load/vec4 v0x56088c4ea700_0;
    %flag_set/vec4 9;
    %flag_or 9, 8;
    %jmp/0xz  T_2.0, 9;
    %load/vec4 v0x56088c4eb200_0;
    %pad/u 32;
    %cmpi/e 528, 0, 32;
    %jmp/0xz  T_2.2, 4;
    %load/vec4 v0x56088c4ec0f0_0;
    %store/vec4 v0x56088c4eb640_0, 0, 32;
    %jmp T_2.3;
T_2.2 ;
    %load/vec4 v0x56088c4eb200_0;
    %pad/u 32;
    %cmpi/e 529, 0, 32;
    %jmp/0xz  T_2.4, 4;
    %load/vec4 v0x56088c4ec1d0_0;
    %pad/u 32;
    %pushi/vec4 0, 0, 32;
    %or;
    %store/vec4 v0x56088c4eb640_0, 0, 32;
    %jmp T_2.5;
T_2.4 ;
    %load/vec4 v0x56088c4eae20_0;
    %flag_set/vec4 8;
    %jmp/0xz  T_2.6, 8;
    %load/vec4 v0x56088c4ead40_0;
    %store/vec4 v0x56088c4eb640_0, 0, 32;
    %jmp T_2.7;
T_2.6 ;
    %load/vec4 v0x56088c4eb420_0;
    %flag_set/vec4 8;
    %jmp/0xz  T_2.8, 8;
    %load/vec4 v0x56088c4eb2c0_0;
    %store/vec4 v0x56088c4eb640_0, 0, 32;
T_2.8 ;
T_2.7 ;
T_2.5 ;
T_2.3 ;
T_2.0 ;
    %jmp T_2;
    .thread T_2, $push;
    .scope S_0x56088c4e41f0;
T_3 ;
    %wait E_0x56088c4c9c20;
    %load/vec4 v0x56088c4ec2b0_0;
    %flag_set/vec4 8;
    %jmp/0xz  T_3.0, 8;
    %pushi/vec4 0, 0, 9;
    %assign/vec4 v0x56088c4eb720_0, 0;
    %jmp T_3.1;
T_3.0 ;
    %load/vec4 v0x56088c4eb720_0;
    %addi 1, 0, 9;
    %assign/vec4 v0x56088c4eb720_0, 0;
    %load/vec4 v0x56088c4eb560_0;
    %pad/u 32;
    %pushi/vec4 12, 0, 32;
    %cmp/e;
    %flag_get/vec4 4;
    %load/vec4 v0x56088c4eb800_0;
    %pushi/vec4 0, 0, 32;
    %cmp/e;
    %flag_get/vec4 4;
    %and;
    %flag_set/vec4 8;
    %jmp/0xz  T_3.2, 8;
    %load/vec4 v0x56088c4ead40_0;
    %parti/s 10, 0, 2;
    %pad/u 9;
    %assign/vec4 v0x56088c4eb720_0, 0;
    %jmp T_3.3;
T_3.2 ;
    %load/vec4 v0x56088c4eb560_0;
    %pad/u 32;
    %pushi/vec4 14, 0, 32;
    %cmp/e;
    %flag_get/vec4 4;
    %load/vec4 v0x56088c4eb800_0;
    %pushi/vec4 0, 0, 32;
    %cmp/e;
    %flag_get/vec4 4;
    %inv;
    %and;
    %flag_set/vec4 8;
    %jmp/0xz  T_3.4, 8;
    %load/vec4 v0x56088c4ead40_0;
    %parti/s 10, 0, 2;
    %pad/u 9;
    %assign/vec4 v0x56088c4eb720_0, 0;
    %jmp T_3.5;
T_3.4 ;
    %load/vec4 v0x56088c4eb560_0;
    %pad/u 32;
    %pushi/vec4 13, 0, 32;
    %cmp/e;
    %flag_get/vec4 4;
    %load/vec4 v0x56088c4eb800_0;
    %pushi/vec4 0, 0, 32;
    %cmp/e;
    %flag_get/vec4 4;
    %and;
    %flag_set/vec4 8;
    %jmp/0xz  T_3.6, 8;
    %load/vec4 v0x56088c4ec0f0_0;
    %parti/s 10, 0, 2;
    %pad/u 9;
    %assign/vec4 v0x56088c4eb720_0, 0;
    %jmp T_3.7;
T_3.6 ;
    %load/vec4 v0x56088c4eb560_0;
    %pad/u 32;
    %pushi/vec4 15, 0, 32;
    %cmp/e;
    %flag_get/vec4 4;
    %load/vec4 v0x56088c4eb800_0;
    %pushi/vec4 0, 0, 32;
    %cmp/e;
    %flag_get/vec4 4;
    %inv;
    %and;
    %flag_set/vec4 8;
    %jmp/0xz  T_3.8, 8;
    %load/vec4 v0x56088c4ec0f0_0;
    %parti/s 10, 0, 2;
    %pad/u 9;
    %assign/vec4 v0x56088c4eb720_0, 0;
T_3.8 ;
T_3.7 ;
T_3.5 ;
T_3.3 ;
T_3.1 ;
    %jmp T_3;
    .thread T_3;
    .scope S_0x56088c4e41f0;
T_4 ;
    %wait E_0x56088c4c9c20;
    %load/vec4 v0x56088c4ec2b0_0;
    %flag_set/vec4 8;
    %jmp/0xz  T_4.0, 8;
    %pushi/vec4 0, 0, 32;
    %assign/vec4 v0x56088c4eb800_0, 0;
    %jmp T_4.1;
T_4.0 ;
    %load/vec4 v0x56088c4eb140_0;
    %flag_set/vec4 8;
    %jmp/0xz  T_4.2, 8;
    %load/vec4 v0x56088c4eb640_0;
    %assign/vec4 v0x56088c4eb800_0, 0;
    %jmp T_4.3;
T_4.2 ;
    %load/vec4 v0x56088c4ea700_0;
    %flag_set/vec4 8;
    %jmp/0xz  T_4.4, 8;
    %load/vec4 v0x56088c4ea880_0;
    %assign/vec4 v0x56088c4eb800_0, 0;
    %jmp T_4.5;
T_4.4 ;
    %load/vec4 v0x56088c4eaa40_0;
    %flag_set/vec4 8;
    %jmp/0xz  T_4.6, 8;
    %load/vec4 v0x56088c4eb800_0;
    %subi 1, 0, 32;
    %assign/vec4 v0x56088c4eb800_0, 0;
T_4.6 ;
T_4.5 ;
T_4.3 ;
T_4.1 ;
    %jmp T_4;
    .thread T_4;
    .scope S_0x56088c4e41f0;
T_5 ;
    %wait E_0x56088c4c9c20;
    %load/vec4 v0x56088c4ec2b0_0;
    %flag_set/vec4 8;
    %jmp/0xz  T_5.0, 8;
    %pushi/vec4 0, 0, 32;
    %assign/vec4 v0x56088c4ec0f0_0, 0;
    %jmp T_5.1;
T_5.0 ;
    %load/vec4 v0x56088c4eb200_0;
    %pad/u 32;
    %pushi/vec4 528, 0, 32;
    %cmp/e;
    %flag_get/vec4 4;
    %load/vec4 v0x56088c4eb4c0_0;
    %and;
    %flag_set/vec4 8;
    %jmp/0xz  T_5.2, 8;
    %load/vec4 v0x56088c4eb800_0;
    %assign/vec4 v0x56088c4ec0f0_0, 0;
T_5.2 ;
T_5.1 ;
    %jmp T_5;
    .thread T_5;
    .scope S_0x56088c4e41f0;
T_6 ;
    %wait E_0x56088c4c9c20;
    %load/vec4 v0x56088c4ec2b0_0;
    %flag_set/vec4 8;
    %jmp/0xz  T_6.0, 8;
    %pushi/vec4 0, 0, 3;
    %assign/vec4 v0x56088c4ec1d0_0, 0;
    %jmp T_6.1;
T_6.0 ;
    %load/vec4 v0x56088c4ea700_0;
    %flag_set/vec4 8;
    %jmp/0xz  T_6.2, 8;
    %load/vec4 v0x56088c4ea640_0;
    %load/vec4 v0x56088c4ea7c0_0;
    %concat/vec4; draw_concat_vec4
    %load/vec4 v0x56088c4ea340_0;
    %concat/vec4; draw_concat_vec4
    %assign/vec4 v0x56088c4ec1d0_0, 0;
T_6.2 ;
T_6.1 ;
    %jmp T_6;
    .thread T_6;
    .scope S_0x56088c4e41f0;
T_7 ;
    %wait E_0x56088c4e4630;
    %load/vec4 v0x56088c4eb560_0;
    %pad/u 32;
    %cmpi/e 2, 0, 32;
    %jmp/0xz  T_7.0, 4;
    %pushi/vec4 0, 0, 1;
    %load/vec4 v0x56088c4eb800_0;
    %parti/s 31, 0, 2;
    %concat/vec4; draw_concat_vec4
    %pushi/vec4 0, 0, 1;
    %load/vec4 v0x56088c4eb640_0;
    %parti/s 31, 0, 2;
    %concat/vec4; draw_concat_vec4
    %sub;
    %store/vec4 v0x56088c4eabc0_0, 0, 32;
    %jmp T_7.1;
T_7.0 ;
    %pushi/vec4 0, 0, 1;
    %load/vec4 v0x56088c4eb800_0;
    %parti/s 31, 0, 2;
    %concat/vec4; draw_concat_vec4
    %pushi/vec4 0, 0, 1;
    %load/vec4 v0x56088c4eb640_0;
    %parti/s 31, 0, 2;
    %concat/vec4; draw_concat_vec4
    %add;
    %store/vec4 v0x56088c4eabc0_0, 0, 32;
T_7.1 ;
    %jmp T_7;
    .thread T_7, $push;
    .scope S_0x56088c4e41f0;
T_8 ;
    %wait E_0x56088c4e45c0;
    %load/vec4 v0x56088c4eb560_0;
    %pad/u 32;
    %cmpi/e 2, 0, 32;
    %jmp/0xz  T_8.0, 4;
    %load/vec4 v0x56088c4eb800_0;
    %parti/s 1, 31, 6;
    %load/vec4 v0x56088c4eb640_0;
    %parti/s 1, 31, 6;
    %inv;
    %and;
    %load/vec4 v0x56088c4eb800_0;
    %parti/s 1, 31, 6;
    %load/vec4 v0x56088c4eb640_0;
    %parti/s 1, 31, 6;
    %inv;
    %xor;
    %add;
    %load/vec4 v0x56088c4eabc0_0;
    %parti/s 1, 31, 6;
    %and;
    %store/vec4 v0x56088c4eab00_0, 0, 1;
    %jmp T_8.1;
T_8.0 ;
    %load/vec4 v0x56088c4eb800_0;
    %parti/s 1, 31, 6;
    %load/vec4 v0x56088c4eb640_0;
    %parti/s 1, 31, 6;
    %and;
    %load/vec4 v0x56088c4eb800_0;
    %parti/s 1, 31, 6;
    %load/vec4 v0x56088c4eb640_0;
    %parti/s 1, 31, 6;
    %xor;
    %add;
    %load/vec4 v0x56088c4eabc0_0;
    %parti/s 1, 31, 6;
    %and;
    %store/vec4 v0x56088c4eab00_0, 0, 1;
T_8.1 ;
    %jmp T_8;
    .thread T_8, $push;
    .scope S_0x56088c4e41f0;
T_9 ;
    %wait E_0x56088c4e4550;
    %load/vec4 v0x56088c4eb560_0;
    %pad/u 32;
    %cmpi/e 2, 0, 32;
    %jmp/0xz  T_9.0, 4;
    %load/vec4 v0x56088c4eabc0_0;
    %load/vec4 v0x56088c4eb800_0;
    %parti/s 1, 31, 6;
    %concati/vec4 0, 0, 31;
    %add;
    %load/vec4 v0x56088c4eb640_0;
    %parti/s 1, 31, 6;
    %concati/vec4 0, 0, 31;
    %sub;
    %store/vec4 v0x56088c4ea1a0_0, 0, 32;
    %jmp T_9.1;
T_9.0 ;
    %load/vec4 v0x56088c4eabc0_0;
    %load/vec4 v0x56088c4eb800_0;
    %parti/s 1, 31, 6;
    %concati/vec4 0, 0, 31;
    %add;
    %load/vec4 v0x56088c4eb640_0;
    %parti/s 1, 31, 6;
    %concati/vec4 0, 0, 31;
    %add;
    %store/vec4 v0x56088c4ea1a0_0, 0, 32;
T_9.1 ;
    %jmp T_9;
    .thread T_9, $push;
    .scope S_0x56088c4e41f0;
T_10 ;
    %wait E_0x56088c4e44c0;
    %pushi/vec4 0, 0, 32;
    %store/vec4 v0x56088c4ea880_0, 0, 32;
    %pushi/vec4 0, 0, 1;
    %store/vec4 v0x56088c4ea340_0, 0, 1;
    %pushi/vec4 0, 0, 1;
    %store/vec4 v0x56088c4ea640_0, 0, 1;
    %pushi/vec4 0, 0, 1;
    %store/vec4 v0x56088c4ea7c0_0, 0, 1;
    %load/vec4 v0x56088c4ea280_0;
    %flag_set/vec4 8;
    %jmp/0xz  T_10.0, 8;
    %load/vec4 v0x56088c4ea1a0_0;
    %store/vec4 v0x56088c4ea880_0, 0, 32;
    %load/vec4 v0x56088c4eab00_0;
    %store/vec4 v0x56088c4ea340_0, 0, 1;
    %load/vec4 v0x56088c4eab00_0;
    %load/vec4 v0x56088c4eabc0_0;
    %parti/s 1, 31, 6;
    %xor;
    %store/vec4 v0x56088c4ea7c0_0, 0, 1;
    %load/vec4 v0x56088c4ea1a0_0;
    %parti/s 1, 31, 6;
    %store/vec4 v0x56088c4ea640_0, 0, 1;
    %jmp T_10.1;
T_10.0 ;
    %load/vec4 v0x56088c4eb560_0;
    %pad/u 32;
    %cmpi/e 3, 0, 32;
    %jmp/0xz  T_10.2, 4;
    %load/vec4 v0x56088c4eb640_0;
    %parti/s 1, 31, 6;
    %flag_set/vec4 8;
    %jmp/0xz  T_10.4, 8;
    %load/vec4 v0x56088c4eb800_0;
    %ix/load 4, 1, 0;
    %flag_set/imm 4, 0;
    %shiftl 4;
    %store/vec4 v0x56088c4ea880_0, 0, 32;
    %load/vec4 v0x56088c4eb800_0;
    %parti/s 1, 31, 6;
    %store/vec4 v0x56088c4ea340_0, 0, 1;
    %load/vec4 v0x56088c4eb800_0;
    %parti/s 1, 31, 6;
    %load/vec4 v0x56088c4eb800_0;
    %parti/s 1, 30, 6;
    %xor;
    %store/vec4 v0x56088c4ea7c0_0, 0, 1;
    %load/vec4 v0x56088c4eb800_0;
    %parti/s 1, 30, 6;
    %store/vec4 v0x56088c4ea640_0, 0, 1;
    %jmp T_10.5;
T_10.4 ;
    %load/vec4 v0x56088c4eb800_0;
    %parti/s 1, 31, 6;
    %load/vec4 v0x56088c4eb800_0;
    %parti/s 31, 1, 2;
    %concat/vec4; draw_concat_vec4
    %store/vec4 v0x56088c4ea880_0, 0, 32;
    %pushi/vec4 0, 0, 1;
    %store/vec4 v0x56088c4ea340_0, 0, 1;
    %pushi/vec4 0, 0, 1;
    %store/vec4 v0x56088c4ea7c0_0, 0, 1;
    %load/vec4 v0x56088c4eb800_0;
    %parti/s 1, 31, 6;
    %store/vec4 v0x56088c4ea640_0, 0, 1;
T_10.5 ;
    %jmp T_10.3;
T_10.2 ;
    %load/vec4 v0x56088c4eb560_0;
    %pad/u 32;
    %cmpi/e 4, 0, 32;
    %jmp/0xz  T_10.6, 4;
    %load/vec4 v0x56088c4ea960_0;
    %store/vec4 v0x56088c4ea880_0, 0, 32;
    %pushi/vec4 0, 0, 1;
    %store/vec4 v0x56088c4ea340_0, 0, 1;
    %load/vec4 v0x56088c4ea960_0;
    %parti/s 1, 31, 6;
    %store/vec4 v0x56088c4ea640_0, 0, 1;
    %pushi/vec4 0, 0, 1;
    %store/vec4 v0x56088c4ea7c0_0, 0, 1;
    %jmp T_10.7;
T_10.6 ;
    %load/vec4 v0x56088c4eb560_0;
    %pad/u 32;
    %cmpi/e 5, 0, 32;
    %jmp/0xz  T_10.8, 4;
    %load/vec4 v0x56088c4ec460_0;
    %store/vec4 v0x56088c4ea880_0, 0, 32;
    %pushi/vec4 0, 0, 1;
    %store/vec4 v0x56088c4ea340_0, 0, 1;
    %load/vec4 v0x56088c4ec460_0;
    %parti/s 1, 31, 6;
    %store/vec4 v0x56088c4ea640_0, 0, 1;
    %pushi/vec4 0, 0, 1;
    %store/vec4 v0x56088c4ea7c0_0, 0, 1;
T_10.8 ;
T_10.7 ;
T_10.3 ;
T_10.1 ;
    %jmp T_10;
    .thread T_10, $push;
    .scope S_0x56088c4ecbf0;
T_11 ;
    %vpi_call/w 12 63 "$readmemh", "program.hex", v0x56088c4ed910, 32'sb00000000000000000000000000000000, 32'sb00000000000000000000000111111111 {0 0 0};
    %end;
    .thread T_11;
    .scope S_0x56088c4ecbf0;
T_12 ;
    %wait E_0x56088c4ec880;
    %load/vec4 v0x56088c4ed780_0;
    %flag_set/vec4 8;
    %jmp/0xz  T_12.0, 8;
    %load/vec4 v0x56088c4ed9b0_0;
    %pad/u 11;
    %ix/vec4 4;
    %load/vec4a v0x56088c4ed910, 4;
    %assign/vec4 v0x56088c4ed820_0, 0;
T_12.0 ;
    %jmp T_12;
    .thread T_12;
    .scope S_0x56088c4ecbf0;
T_13 ;
    %wait E_0x56088c4ec880;
    %load/vec4 v0x56088c4ed150_0;
    %flag_set/vec4 8;
    %jmp/0xz  T_13.0, 8;
    %load/vec4 v0x56088c4ed6e0_0;
    %flag_set/vec4 8;
    %jmp/0xz  T_13.2, 8;
    %load/vec4 v0x56088c4ed2d0_0;
    %load/vec4 v0x56088c4ed060_0;
    %pad/u 11;
    %ix/vec4 3;
    %ix/load 4, 0, 0; Constant delay
    %assign/vec4/a/d v0x56088c4ed910, 0, 4;
T_13.2 ;
    %load/vec4 v0x56088c4ed060_0;
    %pad/u 11;
    %ix/vec4 4;
    %load/vec4a v0x56088c4ed910, 4;
    %assign/vec4 v0x56088c4ed480_0, 0;
T_13.0 ;
    %jmp T_13;
    .thread T_13;
    .scope S_0x56088c4edb80;
T_14 ;
    %wait E_0x56088c4ec880;
    %load/vec4 v0x56088c4ee5f0_0;
    %load/vec4 v0x56088c4ee690_0;
    %and;
    %flag_set/vec4 8;
    %jmp/0xz  T_14.0, 8;
    %load/vec4 v0x56088c4ee380_0;
    %load/vec4 v0x56088c4ee1b0_0;
    %pad/u 6;
    %ix/vec4 3;
    %ix/load 4, 0, 0; Constant delay
    %assign/vec4/a/d v0x56088c4ee550, 0, 4;
T_14.0 ;
    %jmp T_14;
    .thread T_14;
    .scope S_0x56088c4b7a70;
T_15 ;
    %wait E_0x56088c4e3700;
    %pushi/vec4 0, 0, 1;
    %store/vec4 v0x56088c4e3cb0_0, 0, 1;
    %pushi/vec4 0, 0, 1;
    %store/vec4 v0x56088c4e3e50_0, 0, 1;
    %pushi/vec4 0, 0, 1;
    %store/vec4 v0x56088c4e3860_0, 0, 1;
    %pushi/vec4 0, 0, 1;
    %store/vec4 v0x56088c4e3ac0_0, 0, 1;
    %pushi/vec4 0, 0, 1;
    %store/vec4 v0x56088c4e3fd0_0, 0, 1;
    %load/vec4 v0x56088c4e3760_0;
    %pad/u 32;
    %pushi/vec4 512, 0, 32;
    %and;
    %cmpi/e 0, 0, 32;
    %jmp/0xz  T_15.0, 4;
    %load/vec4 v0x56088c4e3f10_0;
    %store/vec4 v0x56088c4e3cb0_0, 0, 1;
    %jmp T_15.1;
T_15.0 ;
    %load/vec4 v0x56088c4e3760_0;
    %pad/u 32;
    %pushi/vec4 1008, 0, 32;
    %and;
    %cmpi/e 512, 0, 32;
    %jmp/0xz  T_15.2, 4;
    %load/vec4 v0x56088c4e3f10_0;
    %store/vec4 v0x56088c4e3e50_0, 0, 1;
    %jmp T_15.3;
T_15.2 ;
    %load/vec4 v0x56088c4e3760_0;
    %pad/u 32;
    %pushi/vec4 1023, 0, 32;
    %and;
    %cmpi/e 530, 0, 32;
    %jmp/0xz  T_15.4, 4;
    %load/vec4 v0x56088c4e3f10_0;
    %store/vec4 v0x56088c4e3860_0, 0, 1;
    %jmp T_15.5;
T_15.4 ;
    %load/vec4 v0x56088c4e3760_0;
    %pad/u 32;
    %pushi/vec4 1008, 0, 32;
    %and;
    %cmpi/e 640, 0, 32;
    %jmp/0xz  T_15.6, 4;
    %load/vec4 v0x56088c4e3f10_0;
    %store/vec4 v0x56088c4e3ac0_0, 0, 1;
    %jmp T_15.7;
T_15.6 ;
    %load/vec4 v0x56088c4e3f10_0;
    %store/vec4 v0x56088c4e3fd0_0, 0, 1;
T_15.7 ;
T_15.5 ;
T_15.3 ;
T_15.1 ;
    %jmp T_15;
    .thread T_15, $push;
    .scope S_0x56088c4b7a70;
T_16 ;
    %wait E_0x56088c4e3660;
    %pushi/vec4 0, 0, 32;
    %store/vec4 v0x56088c4e3920_0, 0, 32;
    %load/vec4 v0x56088c4e3cb0_0;
    %flag_set/vec4 8;
    %jmp/0xz  T_16.0, 8;
    %load/vec4 v0x56088c4e3bd0_0;
    %store/vec4 v0x56088c4e3920_0, 0, 32;
    %jmp T_16.1;
T_16.0 ;
    %load/vec4 v0x56088c4e3e50_0;
    %flag_set/vec4 8;
    %jmp/0xz  T_16.2, 8;
    %load/vec4 v0x56088c4e3d70_0;
    %store/vec4 v0x56088c4e3920_0, 0, 32;
    %jmp T_16.3;
T_16.2 ;
    %load/vec4 v0x56088c4e3ac0_0;
    %flag_set/vec4 8;
    %jmp/0xz  T_16.4, 8;
    %load/vec4 v0x56088c4e39e0_0;
    %store/vec4 v0x56088c4e3920_0, 0, 32;
T_16.4 ;
T_16.3 ;
T_16.1 ;
    %jmp T_16;
    .thread T_16, $push;
    .scope S_0x56088c4ec6b0;
T_17 ;
    %wait E_0x56088c4ec880;
    %load/vec4 v0x56088c4ecaa0_0;
    %flag_set/vec4 8;
    %jmp/0xz  T_17.0, 8;
    %vpi_call/w 11 12 "$write", "%c", v0x56088c4ec9c0_0 {0 0 0};
T_17.0 ;
    %jmp T_17;
    .thread T_17;
    .scope S_0x56088c4a8b10;
T_18 ;
    %wait E_0x56088c46e9a0;
    %pushi/vec4 0, 0, 1;
    %store/vec4 v0x56088c4e1d70_0, 0, 1;
    %pushi/vec4 0, 0, 1;
    %store/vec4 v0x56088c4e1fd0_0, 0, 1;
    %pushi/vec4 0, 0, 1;
    %store/vec4 v0x56088c4e1ac0_0, 0, 1;
    %pushi/vec4 0, 0, 4;
    %store/vec4 v0x56088c4e1c40_0, 0, 4;
    %load/vec4 v0x56088c4e18e0_0;
    %pad/u 32;
    %cmpi/e 8, 0, 32;
    %jmp/0xz  T_18.0, 4;
    %load/vec4 v0x56088c4e2090_0;
    %store/vec4 v0x56088c4e1d70_0, 0, 1;
    %jmp T_18.1;
T_18.0 ;
    %load/vec4 v0x56088c4e18e0_0;
    %pad/u 32;
    %cmpi/e 10, 0, 32;
    %jmp/0xz  T_18.2, 4;
    %load/vec4 v0x56088c4e1e30_0;
    %store/vec4 v0x56088c4e1fd0_0, 0, 1;
    %jmp T_18.3;
T_18.2 ;
    %load/vec4 v0x56088c4e18e0_0;
    %pad/u 32;
    %cmpi/e 12, 0, 32;
    %jmp/0xz  T_18.4, 4;
    %load/vec4 v0x56088c4e1e30_0;
    %store/vec4 v0x56088c4e1ac0_0, 0, 1;
    %jmp T_18.5;
T_18.4 ;
    %load/vec4 v0x56088c4e18e0_0;
    %pad/u 32;
    %cmpi/e 0, 0, 32;
    %jmp/0xz  T_18.6, 4;
    %load/vec4 v0x56088c4e2090_0;
    %ix/load 4, 0, 0;
    %flag_set/imm 4, 0;
    %store/vec4 v0x56088c4e1c40_0, 4, 1;
    %jmp T_18.7;
T_18.6 ;
    %load/vec4 v0x56088c4e18e0_0;
    %pad/u 32;
    %cmpi/e 6, 0, 32;
    %jmp/0xz  T_18.8, 4;
    %load/vec4 v0x56088c4e2090_0;
    %ix/load 4, 1, 0;
    %flag_set/imm 4, 0;
    %store/vec4 v0x56088c4e1c40_0, 4, 1;
    %jmp T_18.9;
T_18.8 ;
    %load/vec4 v0x56088c4e18e0_0;
    %pad/u 32;
    %cmpi/e 4, 0, 32;
    %jmp/0xz  T_18.10, 4;
    %load/vec4 v0x56088c4e2090_0;
    %ix/load 4, 2, 0;
    %flag_set/imm 4, 0;
    %store/vec4 v0x56088c4e1c40_0, 4, 1;
    %jmp T_18.11;
T_18.10 ;
    %load/vec4 v0x56088c4e18e0_0;
    %pad/u 32;
    %cmpi/e 2, 0, 32;
    %jmp/0xz  T_18.12, 4;
    %load/vec4 v0x56088c4e2090_0;
    %ix/load 4, 3, 0;
    %flag_set/imm 4, 0;
    %store/vec4 v0x56088c4e1c40_0, 4, 1;
T_18.12 ;
T_18.11 ;
T_18.9 ;
T_18.7 ;
T_18.5 ;
T_18.3 ;
T_18.1 ;
    %jmp T_18;
    .thread T_18, $push;
    .scope S_0x56088c4a8b10;
T_19 ;
    %wait E_0x56088c46e7a0;
    %pushi/vec4 0, 0, 32;
    %store/vec4 v0x56088c4e1b60_0, 0, 32;
    %load/vec4 v0x56088c4e1ac0_0;
    %flag_set/vec4 8;
    %jmp/0xz  T_19.0, 8;
    %load/vec4 v0x56088c4e19e0_0;
    %pad/u 32;
    %store/vec4 v0x56088c4e1b60_0, 0, 32;
    %jmp T_19.1;
T_19.0 ;
    %load/vec4 v0x56088c4e1fd0_0;
    %flag_set/vec4 8;
    %jmp/0xz  T_19.2, 8;
    %load/vec4 v0x56088c4e1ef0_0;
    %pad/u 32;
    %store/vec4 v0x56088c4e1b60_0, 0, 32;
T_19.2 ;
T_19.1 ;
    %jmp T_19;
    .thread T_19, $push;
    .scope S_0x56088c493870;
T_20 ;
    %wait E_0x56088c4c9c20;
    %load/vec4 v0x56088c4e3230_0;
    %flag_set/vec4 8;
    %jmp/0xz  T_20.0, 8;
    %pushi/vec4 0, 0, 8;
    %assign/vec4 v0x56088c4e3140_0, 0;
    %jmp T_20.1;
T_20.0 ;
    %load/vec4 v0x56088c4e3300_0;
    %flag_set/vec4 8;
    %jmp/0xz  T_20.2, 8;
    %load/vec4 v0x56088c4e3080_0;
    %assign/vec4 v0x56088c4e3140_0, 0;
T_20.2 ;
T_20.1 ;
    %jmp T_20;
    .thread T_20;
    .scope S_0x56088c4910d0;
T_21 ;
    %pushi/vec4 0, 0, 4;
    %store/vec4 v0x56088c4e2510_0, 0, 4;
    %pushi/vec4 1, 0, 4;
    %store/vec4 v0x56088c4e2d80_0, 0, 4;
    %end;
    .thread T_21, $init;
    .scope S_0x56088c4910d0;
T_22 ;
    %wait E_0x56088c4c9c20;
    %load/vec4 v0x56088c4e2be0_0;
    %flag_set/vec4 8;
    %jmp/0xz  T_22.0, 8;
    %pushi/vec4 0, 0, 4;
    %assign/vec4 v0x56088c4e2510_0, 0;
    %jmp T_22.1;
T_22.0 ;
    %load/vec4 v0x56088c4e2510_0;
    %addi 1, 0, 4;
    %assign/vec4 v0x56088c4e2510_0, 0;
T_22.1 ;
    %jmp T_22;
    .thread T_22;
    .scope S_0x56088c4910d0;
T_23 ;
    %wait E_0x56088c4c9c20;
    %load/vec4 v0x56088c4e2be0_0;
    %flag_set/vec4 8;
    %jmp/0xz  T_23.0, 8;
    %pushi/vec4 1, 0, 4;
    %assign/vec4 v0x56088c4e2d80_0, 0;
    %jmp T_23.1;
T_23.0 ;
    %load/vec4 v0x56088c4e2d80_0;
    %cmpi/e 8, 0, 4;
    %jmp/0xz  T_23.2, 4;
    %pushi/vec4 1, 0, 4;
    %assign/vec4 v0x56088c4e2d80_0, 0;
    %jmp T_23.3;
T_23.2 ;
    %load/vec4 v0x56088c4e29a0_0;
    %flag_set/vec4 8;
    %jmp/0xz  T_23.4, 8;
    %load/vec4 v0x56088c4e2d80_0;
    %ix/load 4, 1, 0;
    %flag_set/imm 4, 0;
    %shiftl 4;
    %assign/vec4 v0x56088c4e2d80_0, 0;
T_23.4 ;
T_23.3 ;
T_23.1 ;
    %jmp T_23;
    .thread T_23;
    .scope S_0x56088c4910d0;
T_24 ;
    %wait E_0x56088c4c9c20;
    %load/vec4 v0x56088c4e2be0_0;
    %flag_set/vec4 8;
    %jmp/0xz  T_24.0, 8;
    %pushi/vec4 255, 0, 8;
    %assign/vec4 v0x56088c4e25d0_0, 0;
    %jmp T_24.1;
T_24.0 ;
    %load/vec4 v0x56088c4e2a60_0;
    %parti/s 1, 0, 2;
    %flag_set/vec4 8;
    %jmp/0xz  T_24.2, 8;
    %load/vec4 v0x56088c4e2ca0_0;
    %assign/vec4 v0x56088c4e25d0_0, 0;
T_24.2 ;
T_24.1 ;
    %jmp T_24;
    .thread T_24;
    .scope S_0x56088c4910d0;
T_25 ;
    %wait E_0x56088c4c9c20;
    %load/vec4 v0x56088c4e2be0_0;
    %flag_set/vec4 8;
    %jmp/0xz  T_25.0, 8;
    %pushi/vec4 255, 0, 8;
    %assign/vec4 v0x56088c4e26b0_0, 0;
    %jmp T_25.1;
T_25.0 ;
    %load/vec4 v0x56088c4e2a60_0;
    %parti/s 1, 1, 2;
    %flag_set/vec4 8;
    %jmp/0xz  T_25.2, 8;
    %load/vec4 v0x56088c4e2ca0_0;
    %assign/vec4 v0x56088c4e26b0_0, 0;
T_25.2 ;
T_25.1 ;
    %jmp T_25;
    .thread T_25;
    .scope S_0x56088c4910d0;
T_26 ;
    %wait E_0x56088c4c9c20;
    %load/vec4 v0x56088c4e2be0_0;
    %flag_set/vec4 8;
    %jmp/0xz  T_26.0, 8;
    %pushi/vec4 255, 0, 8;
    %assign/vec4 v0x56088c4e27e0_0, 0;
    %jmp T_26.1;
T_26.0 ;
    %load/vec4 v0x56088c4e2a60_0;
    %parti/s 1, 2, 3;
    %flag_set/vec4 8;
    %jmp/0xz  T_26.2, 8;
    %load/vec4 v0x56088c4e2ca0_0;
    %assign/vec4 v0x56088c4e27e0_0, 0;
T_26.2 ;
T_26.1 ;
    %jmp T_26;
    .thread T_26;
    .scope S_0x56088c4910d0;
T_27 ;
    %wait E_0x56088c4c9c20;
    %load/vec4 v0x56088c4e2be0_0;
    %flag_set/vec4 8;
    %jmp/0xz  T_27.0, 8;
    %pushi/vec4 255, 0, 8;
    %assign/vec4 v0x56088c4e28c0_0, 0;
    %jmp T_27.1;
T_27.0 ;
    %load/vec4 v0x56088c4e2a60_0;
    %parti/s 1, 3, 3;
    %flag_set/vec4 8;
    %jmp/0xz  T_27.2, 8;
    %load/vec4 v0x56088c4e2ca0_0;
    %assign/vec4 v0x56088c4e28c0_0, 0;
T_27.2 ;
T_27.1 ;
    %jmp T_27;
    .thread T_27;
    .scope S_0x56088c4910d0;
T_28 ;
    %wait E_0x56088c4c1cb0;
    %load/vec4 v0x56088c4e2be0_0;
    %flag_set/vec4 8;
    %jmp/0xz  T_28.0, 8;
    %pushi/vec4 4095, 0, 12;
    %store/vec4 v0x56088c4e2b20_0, 0, 12;
    %jmp T_28.1;
T_28.0 ;
    %load/vec4 v0x56088c4e2d80_0;
    %dup/vec4;
    %pushi/vec4 1, 0, 4;
    %cmp/u;
    %jmp/1 T_28.2, 6;
    %dup/vec4;
    %pushi/vec4 2, 0, 4;
    %cmp/u;
    %jmp/1 T_28.3, 6;
    %dup/vec4;
    %pushi/vec4 4, 0, 4;
    %cmp/u;
    %jmp/1 T_28.4, 6;
    %dup/vec4;
    %pushi/vec4 8, 0, 4;
    %cmp/u;
    %jmp/1 T_28.5, 6;
    %pushi/vec4 0, 0, 12;
    %store/vec4 v0x56088c4e2b20_0, 0, 12;
    %jmp T_28.7;
T_28.2 ;
    %pushi/vec4 14, 0, 4;
    %load/vec4 v0x56088c4e25d0_0;
    %concat/vec4; draw_concat_vec4
    %store/vec4 v0x56088c4e2b20_0, 0, 12;
    %jmp T_28.7;
T_28.3 ;
    %pushi/vec4 13, 0, 4;
    %load/vec4 v0x56088c4e26b0_0;
    %concat/vec4; draw_concat_vec4
    %store/vec4 v0x56088c4e2b20_0, 0, 12;
    %jmp T_28.7;
T_28.4 ;
    %pushi/vec4 11, 0, 4;
    %load/vec4 v0x56088c4e27e0_0;
    %concat/vec4; draw_concat_vec4
    %store/vec4 v0x56088c4e2b20_0, 0, 12;
    %jmp T_28.7;
T_28.5 ;
    %pushi/vec4 7, 0, 4;
    %load/vec4 v0x56088c4e28c0_0;
    %concat/vec4; draw_concat_vec4
    %store/vec4 v0x56088c4e2b20_0, 0, 12;
    %jmp T_28.7;
T_28.7 ;
    %pop/vec4 1;
T_28.1 ;
    %jmp T_28;
    .thread T_28, $push;
    .scope S_0x56088c48ed70;
T_29 ;
    %vpi_call/w 3 40 "$dumpfile", "xtop_w.vcd" {0 0 0};
    %vpi_call/w 3 41 "$dumpvars", 32'sb00000000000000000000000000000000, S_0x56088c48ed70 {0 0 0};
    %pushi/vec4 1, 0, 1;
    %store/vec4 v0x56088c4f08a0_0, 0, 1;
    %pushi/vec4 0, 0, 1;
    %store/vec4 v0x56088c4f0c00_0, 0, 1;
    %delay 11000, 0;
    %pushi/vec4 1, 0, 1;
    %store/vec4 v0x56088c4f0c00_0, 0, 1;
    %delay 10000, 0;
    %pushi/vec4 0, 0, 1;
    %store/vec4 v0x56088c4f0c00_0, 0, 1;
    %vpi_func 3 57 "$time" 64 {0 0 0};
    %pad/u 32;
    %store/vec4 v0x56088c4f0e00_0, 0, 32;
    %vpi_call/w 3 66 "$writememh", "data_out.hex", v0x56088c4f0a70, 32'sb00000000000000000000000000000000, 32'sb00000000000000000000000000001111 {0 0 0};
    %end;
    .thread T_29;
    .scope S_0x56088c48ed70;
T_30 ;
    %wait E_0x56088c4ec880;
    %load/vec4 v0x56088c4f0ff0_0;
    %flag_set/vec4 8;
    %jmp/0xz  T_30.0, 8;
    %vpi_func 3 76 "$time" 64 {0 0 0};
    %load/vec4 v0x56088c4f0e00_0;
    %pad/u 64;
    %sub;
    %pushi/vec4 10, 0, 64;
    %div;
    %vpi_call/w 3 76 "$display", "Catched Trap at time  %0d clock cycles:", S<0,vec4,u64> {1 0 0};
    %vpi_call/w 3 78 "$finish" {0 0 0};
T_30.0 ;
    %jmp T_30;
    .thread T_30;
    .scope S_0x56088c48ed70;
T_31 ;
    %delay 5000, 0;
    %load/vec4 v0x56088c4f08a0_0;
    %inv;
    %store/vec4 v0x56088c4f08a0_0, 0, 1;
    %jmp T_31;
    .thread T_31;
# The file index is used to find the file name in the following table.
:file_names 14;
    "N/A";
    "<interactive>";
    "../../rtl/src/xlfsr.v";
    "../../rtl/testbench/xtop_w_tb.v";
    "../../rtl/src/xtop_w.v";
    "../../rtl/src/xaddr_extdecoder.v";
    "../../rtl/src/xdisplay.v";
    "../../rtl/src/xled.v";
    "../../../picoversat/rtl/src/xtop.v";
    "../../../picoversat/rtl/src/xaddr_decoder.v";
    "../../../picoversat/rtl/src/xctrl.v";
    "../../../picoversat/rtl/src/xcprint.v";
    "../../../picoversat/rtl/src/xram.v";
    "../../../picoversat/rtl/src/xregf.v";
